2018-11-02 17:10:02,246 FATAL [Log] Unable to launch application chrome browser.java.lang.IllegalStateException: The driver executable does not exist: E:\workspace\RPA_Email_Market\.\drivers\chromedriver.exe 
2018-11-02 17:42:13,853 FATAL [Log] Unable to launch application chrome browser.org.openqa.selenium.SessionNotCreatedException: session not created: Chrome version must be >= 69.0.3497.0
  (Driver info: chromedriver=2.43.600210 (68dcf5eebde37173d4027fa8635e332711d2874a),platform=Windows NT 10.0.17134 x86_64) (WARNING: The server did not provide any stacktrace information)
Command duration or timeout: 63.37 seconds
Build info: version: '3.6.0', revision: '6fbf3ec767', time: '2017-09-27T15:28:36.4Z'
System info: host: 'MJN_TEST_AUTOMA', ip: '10.10.4.218', os.name: 'Windows 10', os.arch: 'amd64', os.version: '10.0', java.version: '10.0.1'
Driver info: driver.version: ChromeDriver 
2018-11-02 17:54:35,434 INFO  [Log] Invoke AUT: https://www.webpagetest.org/ in chrome browser successfully. 
2018-11-02 17:54:35,438 INFO  [Log] Implicit wait applied on the driver for 30 seconds. 
2018-11-02 17:56:24,277 INFO  [Log] Invoke AUT: https://www.webpagetest.org/ in chrome browser successfully. 
2018-11-02 17:56:24,282 INFO  [Log] Implicit wait applied on the driver for 30 seconds. 
2018-11-02 18:01:35,641 INFO  [Log] Invoke AUT: https://www.webpagetest.org/ in chrome browser successfully. 
2018-11-02 18:01:35,645 INFO  [Log] Implicit wait applied on the driver for 30 seconds. 
2018-11-02 20:01:42,777 INFO  [Log] Invoke AUT: https://www.webpagetest.org/ in chrome browser successfully. 
2018-11-02 20:01:42,781 INFO  [Log] Implicit wait applied on the driver for 30 seconds. 
2018-11-13 13:08:04,911 INFO  [Log] Invoke AUT: https://www.webpagetest.org/ in chrome browser successfully. 
2018-11-13 13:08:04,914 INFO  [Log] Implicit wait applied on the driver for 30 seconds. 
2018-11-13 13:14:37,943 INFO  [Log] Invoke AUT: https://www.webpagetest.org/ in chrome browser successfully. 
2018-11-13 13:14:37,946 INFO  [Log] Implicit wait applied on the driver for 30 seconds. 
2018-11-13 14:09:21,555 INFO  [Log] Invoke AUT: https://www.webpagetest.org/ in chrome browser successfully. 
2018-11-13 14:09:21,559 INFO  [Log] Implicit wait applied on the driver for 30 seconds. 
2018-11-13 14:09:55,030 INFO  [Log] Invoke AUT: https://www.webpagetest.org/ in chrome browser successfully. 
2018-11-13 14:09:55,034 INFO  [Log] Implicit wait applied on the driver for 30 seconds. 
2018-11-13 14:10:55,593 FATAL [Log] The visible text: OnePlus 5 - Chrome could not be selected. org.openqa.selenium.NoSuchElementException: Cannot locate element with text: OnePlus 5 - Chrome
For documentation on this error, please visit: http://seleniumhq.org/exceptions/no_such_element.html
Build info: version: '3.6.0', revision: '6fbf3ec767', time: '2017-09-27T15:28:36.4Z'
System info: host: 'MJN_TEST_AUTOMA', ip: '10.10.4.218', os.name: 'Windows 10', os.arch: 'amd64', os.version: '10.0', java.version: '10.0.1'
Driver info: driver.version: unknown 
2018-11-13 14:10:56,751 INFO  [Log] Invoke AUT: https://www.webpagetest.org/ in chrome browser successfully. 
2018-11-13 14:10:56,755 INFO  [Log] Implicit wait applied on the driver for 30 seconds. 
2018-11-13 14:11:57,218 FATAL [Log] The visible text: OnePlus 5 - Chrome could not be selected. org.openqa.selenium.NoSuchElementException: Cannot locate element with text: OnePlus 5 - Chrome
For documentation on this error, please visit: http://seleniumhq.org/exceptions/no_such_element.html
Build info: version: '3.6.0', revision: '6fbf3ec767', time: '2017-09-27T15:28:36.4Z'
System info: host: 'MJN_TEST_AUTOMA', ip: '10.10.4.218', os.name: 'Windows 10', os.arch: 'amd64', os.version: '10.0', java.version: '10.0.1'
Driver info: driver.version: unknown 
2018-11-13 14:11:58,298 INFO  [Log] Invoke AUT: https://www.webpagetest.org/ in chrome browser successfully. 
2018-11-13 14:11:58,301 INFO  [Log] Implicit wait applied on the driver for 30 seconds. 
2018-11-13 14:12:58,798 FATAL [Log] The visible text: OnePlus 5 - Chrome could not be selected. org.openqa.selenium.NoSuchElementException: Cannot locate element with text: OnePlus 5 - Chrome
For documentation on this error, please visit: http://seleniumhq.org/exceptions/no_such_element.html
Build info: version: '3.6.0', revision: '6fbf3ec767', time: '2017-09-27T15:28:36.4Z'
System info: host: 'MJN_TEST_AUTOMA', ip: '10.10.4.218', os.name: 'Windows 10', os.arch: 'amd64', os.version: '10.0', java.version: '10.0.1'
Driver info: driver.version: unknown 
2018-11-13 14:12:59,850 INFO  [Log] Invoke AUT: https://www.webpagetest.org/ in chrome browser successfully. 
2018-11-13 14:12:59,854 INFO  [Log] Implicit wait applied on the driver for 30 seconds. 
2018-11-13 14:22:59,040 INFO  [Log] Invoke AUT: https://www.webpagetest.org/ in chrome browser successfully. 
2018-11-13 14:22:59,044 INFO  [Log] Implicit wait applied on the driver for 30 seconds. 
2018-11-13 14:23:30,884 INFO  [Log] Invoke AUT: https://www.webpagetest.org/ in chrome browser successfully. 
2018-11-13 14:23:30,890 INFO  [Log] Implicit wait applied on the driver for 30 seconds. 
2018-11-13 14:23:31,353 INFO  [Log] The element with id: browser is selected with visible text: Galaxy S7 - Chrome 
2018-11-13 14:23:32,099 INFO  [Log] Invoke AUT: https://www.webpagetest.org/ in chrome browser successfully. 
2018-11-13 14:23:32,102 INFO  [Log] Implicit wait applied on the driver for 30 seconds. 
2018-11-13 14:23:32,456 INFO  [Log] The element with id: browser is selected with visible text: Galaxy S7 - Chrome 
2018-11-13 14:23:35,651 INFO  [Log] Invoke AUT: https://www.webpagetest.org/ in chrome browser successfully. 
2018-11-13 14:23:35,654 INFO  [Log] Implicit wait applied on the driver for 30 seconds. 
2018-11-13 14:23:36,101 INFO  [Log] The element with id: browser is selected with visible text: Galaxy S7 - Chrome 
2018-11-13 14:23:37,629 INFO  [Log] Invoke AUT: https://www.webpagetest.org/ in chrome browser successfully. 
2018-11-13 14:23:37,635 INFO  [Log] Implicit wait applied on the driver for 30 seconds. 
2018-11-13 14:23:38,058 INFO  [Log] The element with id: browser is selected with visible text: Galaxy S7 - Chrome 
2018-11-13 14:23:39,165 INFO  [Log] Invoke AUT: https://www.webpagetest.org/ in chrome browser successfully. 
2018-11-13 14:23:39,184 INFO  [Log] Implicit wait applied on the driver for 30 seconds. 
2018-11-13 14:23:39,650 INFO  [Log] The element with id: browser is selected with visible text: Galaxy S7 - Chrome 
2018-11-13 14:23:40,531 INFO  [Log] Invoke AUT: https://www.webpagetest.org/ in chrome browser successfully. 
2018-11-13 14:23:40,535 INFO  [Log] Implicit wait applied on the driver for 30 seconds. 
2018-11-13 14:23:40,955 INFO  [Log] The element with id: browser is selected with visible text: Galaxy S7 - Chrome 
2018-11-13 14:23:42,080 INFO  [Log] Invoke AUT: https://www.webpagetest.org/ in chrome browser successfully. 
2018-11-13 14:23:42,084 INFO  [Log] Implicit wait applied on the driver for 30 seconds. 
2018-11-13 14:23:42,609 INFO  [Log] The element with id: browser is selected with visible text: Galaxy S7 - Chrome 
2018-11-13 14:23:43,444 INFO  [Log] Invoke AUT: https://www.webpagetest.org/ in chrome browser successfully. 
2018-11-13 14:23:43,447 INFO  [Log] Implicit wait applied on the driver for 30 seconds. 
2018-11-13 14:23:43,818 INFO  [Log] The element with id: browser is selected with visible text: Galaxy S7 - Chrome 
2018-11-13 14:24:07,219 INFO  [Log] Invoke AUT: https://www.webpagetest.org/ in chrome browser successfully. 
2018-11-13 14:24:07,223 INFO  [Log] Implicit wait applied on the driver for 30 seconds. 
2018-11-13 14:24:07,698 INFO  [Log] The element with id: browser is selected with visible text: Galaxy S7 - Chrome 
2018-11-13 14:24:29,972 INFO  [Log] Invoke AUT: https://www.webpagetest.org/ in chrome browser successfully. 
2018-11-13 14:24:29,976 INFO  [Log] Implicit wait applied on the driver for 30 seconds. 
2018-11-13 14:24:30,412 INFO  [Log] The element with id: browser is selected with visible text: Galaxy S7 - Chrome 
2018-11-13 14:25:57,756 INFO  [Log] Invoke AUT: https://www.webpagetest.org/ in chrome browser successfully. 
2018-11-13 14:25:57,762 INFO  [Log] Implicit wait applied on the driver for 30 seconds. 
2018-11-13 14:26:29,951 INFO  [Log] Invoke AUT: https://www.webpagetest.org/ in chrome browser successfully. 
2018-11-13 14:26:29,959 INFO  [Log] Implicit wait applied on the driver for 30 seconds. 
2018-11-13 14:26:30,412 INFO  [Log] The element with id: browser is selected with visible text: Galaxy S7 - Chrome 
2018-11-13 14:29:58,104 INFO  [Log] Invoke AUT: https://www.webpagetest.org/ in chrome browser successfully. 
2018-11-13 14:29:58,107 INFO  [Log] Implicit wait applied on the driver for 30 seconds. 
2018-11-13 14:30:30,496 INFO  [Log] Invoke AUT: https://www.webpagetest.org/ in chrome browser successfully. 
2018-11-13 14:30:30,500 INFO  [Log] Implicit wait applied on the driver for 30 seconds. 
2018-11-13 14:30:31,001 INFO  [Log] The element with id: browser is selected with visible text: Galaxy S7 - Chrome 
2018-11-13 18:20:19,303 INFO  [Log] Invoke AUT: https://www.webpagetest.org/ in chrome browser successfully. 
2018-11-13 18:20:19,308 INFO  [Log] Implicit wait applied on the driver for 30 seconds. 
2018-11-13 18:21:02,700 INFO  [Log] Invoke AUT: https://www.webpagetest.org/ in chrome browser successfully. 
2018-11-13 18:21:02,703 INFO  [Log] Implicit wait applied on the driver for 30 seconds. 
2018-11-13 18:21:03,312 INFO  [Log] The element with id: browser is selected with visible text: Galaxy S7 - Chrome 
2018-11-13 18:21:03,521 INFO  [Log] The element with id: connection is selected with visible text: LTE (12 Mbps/12 Mbps 70ms RTT) 
2018-11-13 20:29:19,027 INFO  [Log] Invoke AUT: https://www.webpagetest.org/ in chrome browser successfully. 
2018-11-13 20:29:19,030 INFO  [Log] Implicit wait applied on the driver for 30 seconds. 
2018-11-13 20:30:17,898 INFO  [Log] Invoke AUT: https://www.webpagetest.org/ in chrome browser successfully. 
2018-11-13 20:30:17,901 INFO  [Log] Implicit wait applied on the driver for 30 seconds. 
2018-11-13 20:30:18,505 INFO  [Log] The element with id: browser is selected with visible text: Chrome 
2018-11-13 20:30:18,661 INFO  [Log] The element with id: connection is selected with visible text: Cable (5/1 Mbps 28ms RTT) 
2018-11-13 20:30:24,420 INFO  [Log] Invoke AUT: https://www.webpagetest.org/ in chrome browser successfully. 
2018-11-13 20:30:24,424 INFO  [Log] Implicit wait applied on the driver for 30 seconds. 
2018-11-13 20:30:24,829 INFO  [Log] The element with id: browser is selected with visible text: Chrome 
2018-11-13 20:30:24,912 INFO  [Log] The element with id: connection is selected with visible text: Cable (5/1 Mbps 28ms RTT) 
2018-11-13 20:30:30,532 INFO  [Log] Invoke AUT: https://www.webpagetest.org/ in chrome browser successfully. 
2018-11-13 20:30:30,535 INFO  [Log] Implicit wait applied on the driver for 30 seconds. 
2018-11-13 20:30:30,931 INFO  [Log] The element with id: browser is selected with visible text: Chrome 
2018-11-13 20:30:31,002 INFO  [Log] The element with id: connection is selected with visible text: Cable (5/1 Mbps 28ms RTT) 
2018-11-13 20:30:36,458 INFO  [Log] Invoke AUT: https://www.webpagetest.org/ in chrome browser successfully. 
2018-11-13 20:30:36,462 INFO  [Log] Implicit wait applied on the driver for 30 seconds. 
2018-11-13 20:30:36,850 INFO  [Log] The element with id: browser is selected with visible text: Chrome 
2018-11-13 20:30:36,922 INFO  [Log] The element with id: connection is selected with visible text: Cable (5/1 Mbps 28ms RTT) 
2018-11-13 20:30:41,987 INFO  [Log] Invoke AUT: https://www.webpagetest.org/ in chrome browser successfully. 
2018-11-13 20:30:41,990 INFO  [Log] Implicit wait applied on the driver for 30 seconds. 
2018-11-13 20:30:42,421 INFO  [Log] The element with id: browser is selected with visible text: Chrome 
2018-11-13 20:30:42,489 INFO  [Log] The element with id: connection is selected with visible text: Cable (5/1 Mbps 28ms RTT) 
2018-11-13 20:30:47,771 INFO  [Log] Invoke AUT: https://www.webpagetest.org/ in chrome browser successfully. 
2018-11-13 20:30:47,775 INFO  [Log] Implicit wait applied on the driver for 30 seconds. 
2018-11-13 20:30:48,166 INFO  [Log] The element with id: browser is selected with visible text: Chrome 
2018-11-13 20:30:48,235 INFO  [Log] The element with id: connection is selected with visible text: Cable (5/1 Mbps 28ms RTT) 
2018-11-13 20:30:57,523 INFO  [Log] Invoke AUT: https://www.webpagetest.org/ in chrome browser successfully. 
2018-11-13 20:30:57,526 INFO  [Log] Implicit wait applied on the driver for 30 seconds. 
2018-11-13 20:30:57,993 INFO  [Log] The element with id: browser is selected with visible text: Chrome 
2018-11-13 20:30:58,060 INFO  [Log] The element with id: connection is selected with visible text: Cable (5/1 Mbps 28ms RTT) 
2018-11-13 20:31:03,727 INFO  [Log] Invoke AUT: https://www.webpagetest.org/ in chrome browser successfully. 
2018-11-13 20:31:03,731 INFO  [Log] Implicit wait applied on the driver for 30 seconds. 
2018-11-13 20:31:04,107 INFO  [Log] The element with id: browser is selected with visible text: Chrome 
2018-11-13 20:31:04,181 INFO  [Log] The element with id: connection is selected with visible text: Cable (5/1 Mbps 28ms RTT) 
2018-11-13 20:31:09,436 INFO  [Log] Invoke AUT: https://www.webpagetest.org/ in chrome browser successfully. 
2018-11-13 20:31:09,439 INFO  [Log] Implicit wait applied on the driver for 30 seconds. 
2018-11-13 20:31:09,868 INFO  [Log] The element with id: browser is selected with visible text: Chrome 
2018-11-13 20:31:09,934 INFO  [Log] The element with id: connection is selected with visible text: Cable (5/1 Mbps 28ms RTT) 
2018-11-13 20:31:15,601 INFO  [Log] Invoke AUT: https://www.webpagetest.org/ in chrome browser successfully. 
2018-11-13 20:31:15,605 INFO  [Log] Implicit wait applied on the driver for 30 seconds. 
2018-11-13 20:31:15,984 INFO  [Log] The element with id: browser is selected with visible text: Chrome 
2018-11-13 20:31:16,049 INFO  [Log] The element with id: connection is selected with visible text: Cable (5/1 Mbps 28ms RTT) 
2018-11-13 20:31:32,117 INFO  [Log] Invoke AUT: https://www.webpagetest.org/ in chrome browser successfully. 
2018-11-13 20:31:32,120 INFO  [Log] Implicit wait applied on the driver for 30 seconds. 
2018-11-13 20:32:24,151 INFO  [Log] Invoke AUT: https://www.webpagetest.org/ in chrome browser successfully. 
2018-11-13 20:32:24,159 INFO  [Log] Implicit wait applied on the driver for 30 seconds. 
2018-11-13 20:32:24,671 INFO  [Log] The element with id: browser is selected with visible text: Galaxy S7 - Chrome 
2018-11-13 20:32:24,847 INFO  [Log] The element with id: connection is selected with visible text: LTE (12 Mbps/12 Mbps 70ms RTT) 
2018-11-13 20:32:29,966 INFO  [Log] Invoke AUT: https://www.webpagetest.org/ in chrome browser successfully. 
2018-11-13 20:32:29,969 INFO  [Log] Implicit wait applied on the driver for 30 seconds. 
2018-11-13 20:32:30,340 INFO  [Log] The element with id: browser is selected with visible text: Galaxy S7 - Chrome 
2018-11-13 20:32:30,411 INFO  [Log] The element with id: connection is selected with visible text: LTE (12 Mbps/12 Mbps 70ms RTT) 
2018-11-13 20:32:35,778 INFO  [Log] Invoke AUT: https://www.webpagetest.org/ in chrome browser successfully. 
2018-11-13 20:32:35,782 INFO  [Log] Implicit wait applied on the driver for 30 seconds. 
2018-11-13 20:32:36,191 INFO  [Log] The element with id: browser is selected with visible text: Galaxy S7 - Chrome 
2018-11-13 20:32:36,272 INFO  [Log] The element with id: connection is selected with visible text: LTE (12 Mbps/12 Mbps 70ms RTT) 
2018-11-13 20:32:41,710 INFO  [Log] Invoke AUT: https://www.webpagetest.org/ in chrome browser successfully. 
2018-11-13 20:32:41,715 INFO  [Log] Implicit wait applied on the driver for 30 seconds. 
2018-11-13 20:32:42,127 INFO  [Log] The element with id: browser is selected with visible text: Galaxy S7 - Chrome 
2018-11-13 20:32:42,197 INFO  [Log] The element with id: connection is selected with visible text: LTE (12 Mbps/12 Mbps 70ms RTT) 
2018-11-13 20:32:47,159 INFO  [Log] Invoke AUT: https://www.webpagetest.org/ in chrome browser successfully. 
2018-11-13 20:32:47,162 INFO  [Log] Implicit wait applied on the driver for 30 seconds. 
2018-11-13 20:32:47,596 INFO  [Log] The element with id: browser is selected with visible text: Galaxy S7 - Chrome 
2018-11-13 20:32:47,665 INFO  [Log] The element with id: connection is selected with visible text: LTE (12 Mbps/12 Mbps 70ms RTT) 
2018-11-13 20:32:52,903 INFO  [Log] Invoke AUT: https://www.webpagetest.org/ in chrome browser successfully. 
2018-11-13 20:32:52,905 INFO  [Log] Implicit wait applied on the driver for 30 seconds. 
2018-11-13 20:32:53,322 INFO  [Log] The element with id: browser is selected with visible text: Galaxy S7 - Chrome 
2018-11-13 20:32:53,392 INFO  [Log] The element with id: connection is selected with visible text: LTE (12 Mbps/12 Mbps 70ms RTT) 
2018-11-13 20:33:00,377 INFO  [Log] Invoke AUT: https://www.webpagetest.org/ in chrome browser successfully. 
2018-11-13 20:33:00,384 INFO  [Log] Implicit wait applied on the driver for 30 seconds. 
2018-11-13 20:33:00,849 INFO  [Log] The element with id: browser is selected with visible text: Galaxy S7 - Chrome 
2018-11-13 20:33:00,914 INFO  [Log] The element with id: connection is selected with visible text: LTE (12 Mbps/12 Mbps 70ms RTT) 
2018-11-13 20:33:06,326 INFO  [Log] Invoke AUT: https://www.webpagetest.org/ in chrome browser successfully. 
2018-11-13 20:33:06,329 INFO  [Log] Implicit wait applied on the driver for 30 seconds. 
2018-11-13 20:33:06,645 INFO  [Log] The element with id: browser is selected with visible text: Galaxy S7 - Chrome 
2018-11-13 20:33:06,715 INFO  [Log] The element with id: connection is selected with visible text: LTE (12 Mbps/12 Mbps 70ms RTT) 
2018-11-13 20:33:11,893 INFO  [Log] Invoke AUT: https://www.webpagetest.org/ in chrome browser successfully. 
2018-11-13 20:33:11,897 INFO  [Log] Implicit wait applied on the driver for 30 seconds. 
2018-11-13 20:33:12,313 INFO  [Log] The element with id: browser is selected with visible text: Galaxy S7 - Chrome 
2018-11-13 20:33:12,383 INFO  [Log] The element with id: connection is selected with visible text: LTE (12 Mbps/12 Mbps 70ms RTT) 
2018-11-13 20:33:17,501 INFO  [Log] Invoke AUT: https://www.webpagetest.org/ in chrome browser successfully. 
2018-11-13 20:33:17,505 INFO  [Log] Implicit wait applied on the driver for 30 seconds. 
2018-11-13 20:33:17,847 INFO  [Log] The element with id: browser is selected with visible text: Galaxy S7 - Chrome 
2018-11-13 20:33:17,924 INFO  [Log] The element with id: connection is selected with visible text: LTE (12 Mbps/12 Mbps 70ms RTT) 
2018-11-13 20:41:39,202 INFO  [Log] Invoke AUT: https://www.webpagetest.org/result/181113_NC_b3fd06a8cbbea22a8b4c15613072ae52/ in chrome browser successfully. 
2018-11-13 20:41:39,209 INFO  [Log] Implicit wait applied on the driver for 30 seconds. 
2018-11-13 20:41:44,273 INFO  [Log] Invoke AUT: https://www.webpagetest.org/result/181113_EH_9c77ed7c64fa6777262a9567bfd3e0e8/ in chrome browser successfully. 
2018-11-13 20:41:44,283 INFO  [Log] Implicit wait applied on the driver for 30 seconds. 
2018-11-13 20:41:48,942 INFO  [Log] Invoke AUT: https://www.webpagetest.org/result/181113_GQ_23ab76b90e1d4ec216b206216afd9408/ in chrome browser successfully. 
2018-11-13 20:41:48,945 INFO  [Log] Implicit wait applied on the driver for 30 seconds. 
2018-11-13 20:41:53,816 INFO  [Log] Invoke AUT: https://www.webpagetest.org/result/181113_ZT_97c78b31b06fb92f11398b9f88fd5d75/ in chrome browser successfully. 
2018-11-13 20:41:53,819 INFO  [Log] Implicit wait applied on the driver for 30 seconds. 
2018-11-13 20:41:58,668 INFO  [Log] Invoke AUT: https://www.webpagetest.org/result/181113_32_463ed4bac8e2a0d178dbacb2c683961f/ in chrome browser successfully. 
2018-11-13 20:41:58,672 INFO  [Log] Implicit wait applied on the driver for 30 seconds. 
2018-11-13 20:42:03,548 INFO  [Log] Invoke AUT: https://www.webpagetest.org/result/181113_QN_240df911bfa3592d1bcd62e66c08d0a3/ in chrome browser successfully. 
2018-11-13 20:42:03,552 INFO  [Log] Implicit wait applied on the driver for 30 seconds. 
2018-11-13 20:42:08,311 INFO  [Log] Invoke AUT: https://www.webpagetest.org/result/181113_4K_006a60cfa885ac454736d9cbcaa5cf29/ in chrome browser successfully. 
2018-11-13 20:42:08,315 INFO  [Log] Implicit wait applied on the driver for 30 seconds. 
2018-11-13 20:42:13,134 INFO  [Log] Invoke AUT: https://www.webpagetest.org/result/181113_7G_eef3f58ab57723109df8ef298a2d00bf/ in chrome browser successfully. 
2018-11-13 20:42:13,138 INFO  [Log] Implicit wait applied on the driver for 30 seconds. 
2018-11-13 20:42:18,020 INFO  [Log] Invoke AUT: https://www.webpagetest.org/result/181113_R2_f7533fe12b156c6668de019208244660/ in chrome browser successfully. 
2018-11-13 20:42:18,024 INFO  [Log] Implicit wait applied on the driver for 30 seconds. 
2018-11-13 20:42:22,833 INFO  [Log] Invoke AUT: https://www.webpagetest.org/result/181113_HF_edaf045ce01fab76b739ad795f8f75bc/ in chrome browser successfully. 
2018-11-13 20:42:22,837 INFO  [Log] Implicit wait applied on the driver for 30 seconds. 
2018-11-13 20:42:49,461 INFO  [Log] Invoke AUT: https://www.webpagetest.org/result/181113_NC_b3fd06a8cbbea22a8b4c15613072ae52/ in chrome browser successfully. 
2018-11-13 20:42:49,465 INFO  [Log] Implicit wait applied on the driver for 30 seconds. 
2018-11-13 20:42:54,434 INFO  [Log] Invoke AUT: https://www.webpagetest.org/result/181113_EH_9c77ed7c64fa6777262a9567bfd3e0e8/ in chrome browser successfully. 
2018-11-13 20:42:54,437 INFO  [Log] Implicit wait applied on the driver for 30 seconds. 
2018-11-13 20:42:59,390 INFO  [Log] Invoke AUT: https://www.webpagetest.org/result/181113_GQ_23ab76b90e1d4ec216b206216afd9408/ in chrome browser successfully. 
2018-11-13 20:42:59,394 INFO  [Log] Implicit wait applied on the driver for 30 seconds. 
2018-11-13 20:43:04,274 INFO  [Log] Invoke AUT: https://www.webpagetest.org/result/181113_ZT_97c78b31b06fb92f11398b9f88fd5d75/ in chrome browser successfully. 
2018-11-13 20:43:04,279 INFO  [Log] Implicit wait applied on the driver for 30 seconds. 
2018-11-13 20:43:08,688 INFO  [Log] Invoke AUT: https://www.webpagetest.org/result/181113_32_463ed4bac8e2a0d178dbacb2c683961f/ in chrome browser successfully. 
2018-11-13 20:43:08,692 INFO  [Log] Implicit wait applied on the driver for 30 seconds. 
2018-11-13 20:43:13,440 INFO  [Log] Invoke AUT: https://www.webpagetest.org/result/181113_QN_240df911bfa3592d1bcd62e66c08d0a3/ in chrome browser successfully. 
2018-11-13 20:43:13,444 INFO  [Log] Implicit wait applied on the driver for 30 seconds. 
2018-11-13 20:43:18,216 INFO  [Log] Invoke AUT: https://www.webpagetest.org/result/181113_4K_006a60cfa885ac454736d9cbcaa5cf29/ in chrome browser successfully. 
2018-11-13 20:43:18,218 INFO  [Log] Implicit wait applied on the driver for 30 seconds. 
2018-11-13 20:43:23,044 INFO  [Log] Invoke AUT: https://www.webpagetest.org/result/181113_7G_eef3f58ab57723109df8ef298a2d00bf/ in chrome browser successfully. 
2018-11-13 20:43:23,048 INFO  [Log] Implicit wait applied on the driver for 30 seconds. 
2018-11-13 20:43:27,750 INFO  [Log] Invoke AUT: https://www.webpagetest.org/result/181113_R2_f7533fe12b156c6668de019208244660/ in chrome browser successfully. 
2018-11-13 20:43:27,756 INFO  [Log] Implicit wait applied on the driver for 30 seconds. 
2018-11-13 20:43:32,110 INFO  [Log] Invoke AUT: https://www.webpagetest.org/result/181113_HF_edaf045ce01fab76b739ad795f8f75bc/ in chrome browser successfully. 
2018-11-13 20:43:32,114 INFO  [Log] Implicit wait applied on the driver for 30 seconds. 
2018-11-13 20:46:56,525 INFO  [Log] Invoke AUT: https://www.webpagetest.org/result/181113_EF_37a5177c16e21f04825939784cea4554/ in chrome browser successfully. 
2018-11-13 20:46:56,529 INFO  [Log] Implicit wait applied on the driver for 30 seconds. 
2018-11-13 20:55:55,748 INFO  [Log] Invoke AUT: https://www.webpagetest.org/result/181113_EF_37a5177c16e21f04825939784cea4554/ in chrome browser successfully. 
2018-11-13 20:55:55,752 INFO  [Log] Implicit wait applied on the driver for 30 seconds. 
2018-11-13 21:03:13,269 INFO  [Log] Invoke AUT: https://www.webpagetest.org/result/181113_EF_37a5177c16e21f04825939784cea4554/ in chrome browser successfully. 
2018-11-13 21:03:13,272 INFO  [Log] Implicit wait applied on the driver for 30 seconds. 
2018-11-14 14:10:44,337 INFO  [Log] Invoke AUT: https://www.webpagetest.org/result/181113_EF_37a5177c16e21f04825939784cea4554/ in chrome browser successfully. 
2018-11-14 14:10:44,341 INFO  [Log] Implicit wait applied on the driver for 30 seconds. 
2018-11-14 14:10:49,845 INFO  [Log] Invoke AUT: https://www.webpagetest.org/result/181113_G9_9d0cfd67ddf573823a9cdf3ac30297e5/ in chrome browser successfully. 
2018-11-14 14:10:49,852 INFO  [Log] Implicit wait applied on the driver for 30 seconds. 
2018-11-14 14:10:54,383 INFO  [Log] Invoke AUT: https://www.webpagetest.org/result/181113_GZ_b0a974a9b51ea7ae2b04364b1388e1db/ in chrome browser successfully. 
2018-11-14 14:10:54,388 INFO  [Log] Implicit wait applied on the driver for 30 seconds. 
2018-11-14 14:11:02,430 INFO  [Log] Invoke AUT: https://www.webpagetest.org/result/181113_VP_a9580a7c746422122dbce817123eaf15/ in chrome browser successfully. 
2018-11-14 14:11:02,435 INFO  [Log] Implicit wait applied on the driver for 30 seconds. 
2018-11-14 14:11:28,815 INFO  [Log] Invoke AUT: https://www.webpagetest.org/result/181113_WB_27df283980466a692f8cf0693a05a41a/ in chrome browser successfully. 
2018-11-14 14:11:28,818 INFO  [Log] Implicit wait applied on the driver for 30 seconds. 
2018-11-14 14:11:33,524 INFO  [Log] Invoke AUT: https://www.webpagetest.org/result/181113_WY_7ec8aa2f9882e416cfe70bcda4b46768/ in chrome browser successfully. 
2018-11-14 14:11:33,528 INFO  [Log] Implicit wait applied on the driver for 30 seconds. 
2018-11-14 14:11:38,661 INFO  [Log] Invoke AUT: https://www.webpagetest.org/result/181113_BZ_f77bd41f5380f4cf26be982fdc5dc353/ in chrome browser successfully. 
2018-11-14 14:11:38,664 INFO  [Log] Implicit wait applied on the driver for 30 seconds. 
2018-11-14 14:11:42,977 INFO  [Log] Invoke AUT: https://www.webpagetest.org/result/181113_H6_e2c2e42e44c86b1ae922904a494573a8/ in chrome browser successfully. 
2018-11-14 14:11:42,986 INFO  [Log] Implicit wait applied on the driver for 30 seconds. 
2018-11-14 14:11:47,448 INFO  [Log] Invoke AUT: https://www.webpagetest.org/result/181113_4D_f4dcab032813ce89041f59c668857e64/ in chrome browser successfully. 
2018-11-14 14:11:47,452 INFO  [Log] Implicit wait applied on the driver for 30 seconds. 
2018-11-14 14:12:13,050 INFO  [Log] Invoke AUT: https://www.webpagetest.org/result/181113_F6_b88ad0d5acd2b5c24504bfa283d79345/ in chrome browser successfully. 
2018-11-14 14:12:13,055 INFO  [Log] Implicit wait applied on the driver for 30 seconds. 
2018-11-14 18:19:20,758 INFO  [Log] Invoke AUT: https://www.webpagetest.org/ in chrome browser successfully. 
2018-11-14 18:19:20,763 INFO  [Log] Implicit wait applied on the driver for 30 seconds. 
2018-11-14 18:19:55,723 INFO  [Log] Invoke AUT: https://www.webpagetest.org/ in chrome browser successfully. 
2018-11-14 18:19:55,727 INFO  [Log] Implicit wait applied on the driver for 30 seconds. 
2018-11-14 18:19:56,185 INFO  [Log] The element with id: browser is selected with visible text: Galaxy S7 - Chrome 
2018-11-14 18:19:56,356 INFO  [Log] The element with id: connection is selected with visible text: LTE (12 Mbps/12 Mbps 70ms RTT) 
2018-11-14 18:20:01,923 INFO  [Log] Invoke AUT: https://www.webpagetest.org/ in chrome browser successfully. 
2018-11-14 18:20:01,926 INFO  [Log] Implicit wait applied on the driver for 30 seconds. 
2018-11-14 18:20:02,287 INFO  [Log] The element with id: browser is selected with visible text: Galaxy S7 - Chrome 
2018-11-14 18:20:02,369 INFO  [Log] The element with id: connection is selected with visible text: LTE (12 Mbps/12 Mbps 70ms RTT) 
2018-11-14 18:20:08,879 INFO  [Log] Invoke AUT: https://www.webpagetest.org/ in chrome browser successfully. 
2018-11-14 18:20:08,883 INFO  [Log] Implicit wait applied on the driver for 30 seconds. 
2018-11-14 18:20:09,300 INFO  [Log] The element with id: browser is selected with visible text: Galaxy S7 - Chrome 
2018-11-14 18:20:09,383 INFO  [Log] The element with id: connection is selected with visible text: LTE (12 Mbps/12 Mbps 70ms RTT) 
2018-11-14 18:20:14,892 INFO  [Log] Invoke AUT: https://www.webpagetest.org/ in chrome browser successfully. 
2018-11-14 18:20:14,896 INFO  [Log] Implicit wait applied on the driver for 30 seconds. 
2018-11-14 18:20:15,269 INFO  [Log] The element with id: browser is selected with visible text: Galaxy S7 - Chrome 
2018-11-14 18:20:15,336 INFO  [Log] The element with id: connection is selected with visible text: LTE (12 Mbps/12 Mbps 70ms RTT) 
2018-11-14 18:20:22,179 INFO  [Log] Invoke AUT: https://www.webpagetest.org/ in chrome browser successfully. 
2018-11-14 18:20:22,183 INFO  [Log] Implicit wait applied on the driver for 30 seconds. 
2018-11-14 18:20:22,617 INFO  [Log] The element with id: browser is selected with visible text: Galaxy S7 - Chrome 
2018-11-14 18:20:22,687 INFO  [Log] The element with id: connection is selected with visible text: LTE (12 Mbps/12 Mbps 70ms RTT) 
2018-11-14 18:20:27,743 INFO  [Log] Invoke AUT: https://www.webpagetest.org/ in chrome browser successfully. 
2018-11-14 18:20:27,746 INFO  [Log] Implicit wait applied on the driver for 30 seconds. 
2018-11-14 18:20:28,152 INFO  [Log] The element with id: browser is selected with visible text: Galaxy S7 - Chrome 
2018-11-14 18:20:28,223 INFO  [Log] The element with id: connection is selected with visible text: LTE (12 Mbps/12 Mbps 70ms RTT) 
2018-11-14 18:20:36,635 INFO  [Log] Invoke AUT: https://www.webpagetest.org/ in chrome browser successfully. 
2018-11-14 18:20:36,638 INFO  [Log] Implicit wait applied on the driver for 30 seconds. 
2018-11-14 18:20:37,110 INFO  [Log] The element with id: browser is selected with visible text: Galaxy S7 - Chrome 
2018-11-14 18:20:37,175 INFO  [Log] The element with id: connection is selected with visible text: LTE (12 Mbps/12 Mbps 70ms RTT) 
2018-11-14 18:20:42,636 INFO  [Log] Invoke AUT: https://www.webpagetest.org/ in chrome browser successfully. 
2018-11-14 18:20:42,639 INFO  [Log] Implicit wait applied on the driver for 30 seconds. 
2018-11-14 18:20:42,971 INFO  [Log] The element with id: browser is selected with visible text: Galaxy S7 - Chrome 
2018-11-14 18:20:43,038 INFO  [Log] The element with id: connection is selected with visible text: LTE (12 Mbps/12 Mbps 70ms RTT) 
2018-11-14 18:20:48,245 INFO  [Log] Invoke AUT: https://www.webpagetest.org/ in chrome browser successfully. 
2018-11-14 18:20:48,249 INFO  [Log] Implicit wait applied on the driver for 30 seconds. 
2018-11-14 18:20:48,676 INFO  [Log] The element with id: browser is selected with visible text: Galaxy S7 - Chrome 
2018-11-14 18:20:48,741 INFO  [Log] The element with id: connection is selected with visible text: LTE (12 Mbps/12 Mbps 70ms RTT) 
2018-11-14 18:20:54,510 INFO  [Log] Invoke AUT: https://www.webpagetest.org/ in chrome browser successfully. 
2018-11-14 18:20:54,514 INFO  [Log] Implicit wait applied on the driver for 30 seconds. 
2018-11-14 18:20:54,886 INFO  [Log] The element with id: browser is selected with visible text: Galaxy S7 - Chrome 
2018-11-14 18:20:54,949 INFO  [Log] The element with id: connection is selected with visible text: LTE (12 Mbps/12 Mbps 70ms RTT) 
2018-11-14 18:21:12,613 INFO  [Log] Invoke AUT: https://www.webpagetest.org/ in chrome browser successfully. 
2018-11-14 18:21:12,619 INFO  [Log] Implicit wait applied on the driver for 30 seconds. 
2018-11-14 18:21:45,550 INFO  [Log] Invoke AUT: https://www.webpagetest.org/ in chrome browser successfully. 
2018-11-14 18:21:45,553 INFO  [Log] Implicit wait applied on the driver for 30 seconds. 
2018-11-14 18:21:46,025 INFO  [Log] The element with id: browser is selected with visible text: Chrome 
2018-11-14 18:21:46,162 INFO  [Log] The element with id: connection is selected with visible text: Cable (5/1 Mbps 28ms RTT) 
2018-11-14 18:21:51,484 INFO  [Log] Invoke AUT: https://www.webpagetest.org/ in chrome browser successfully. 
2018-11-14 18:21:51,502 INFO  [Log] Implicit wait applied on the driver for 30 seconds. 
2018-11-14 18:21:51,926 INFO  [Log] The element with id: browser is selected with visible text: Chrome 
2018-11-14 18:21:52,213 INFO  [Log] The element with id: connection is selected with visible text: Cable (5/1 Mbps 28ms RTT) 
2018-11-14 18:21:57,879 INFO  [Log] Invoke AUT: https://www.webpagetest.org/ in chrome browser successfully. 
2018-11-14 18:21:57,883 INFO  [Log] Implicit wait applied on the driver for 30 seconds. 
2018-11-14 18:21:58,244 INFO  [Log] The element with id: browser is selected with visible text: Chrome 
2018-11-14 18:21:58,315 INFO  [Log] The element with id: connection is selected with visible text: Cable (5/1 Mbps 28ms RTT) 
2018-11-14 18:22:03,643 INFO  [Log] Invoke AUT: https://www.webpagetest.org/ in chrome browser successfully. 
2018-11-14 18:22:03,647 INFO  [Log] Implicit wait applied on the driver for 30 seconds. 
2018-11-14 18:22:04,057 INFO  [Log] The element with id: browser is selected with visible text: Chrome 
2018-11-14 18:22:04,125 INFO  [Log] The element with id: connection is selected with visible text: Cable (5/1 Mbps 28ms RTT) 
2018-11-14 18:22:09,377 INFO  [Log] Invoke AUT: https://www.webpagetest.org/ in chrome browser successfully. 
2018-11-14 18:22:09,381 INFO  [Log] Implicit wait applied on the driver for 30 seconds. 
2018-11-14 18:22:09,827 INFO  [Log] The element with id: browser is selected with visible text: Chrome 
2018-11-14 18:22:09,891 INFO  [Log] The element with id: connection is selected with visible text: Cable (5/1 Mbps 28ms RTT) 
2018-11-14 18:22:14,791 INFO  [Log] Invoke AUT: https://www.webpagetest.org/ in chrome browser successfully. 
2018-11-14 18:22:14,795 INFO  [Log] Implicit wait applied on the driver for 30 seconds. 
2018-11-14 18:22:15,196 INFO  [Log] The element with id: browser is selected with visible text: Chrome 
2018-11-14 18:22:15,256 INFO  [Log] The element with id: connection is selected with visible text: Cable (5/1 Mbps 28ms RTT) 
2018-11-14 18:22:22,206 INFO  [Log] Invoke AUT: https://www.webpagetest.org/ in chrome browser successfully. 
2018-11-14 18:22:22,210 INFO  [Log] Implicit wait applied on the driver for 30 seconds. 
2018-11-14 18:22:22,687 INFO  [Log] The element with id: browser is selected with visible text: Chrome 
2018-11-14 18:22:22,755 INFO  [Log] The element with id: connection is selected with visible text: Cable (5/1 Mbps 28ms RTT) 
2018-11-14 18:22:27,961 INFO  [Log] Invoke AUT: https://www.webpagetest.org/ in chrome browser successfully. 
2018-11-14 18:22:27,965 INFO  [Log] Implicit wait applied on the driver for 30 seconds. 
2018-11-14 18:22:28,281 INFO  [Log] The element with id: browser is selected with visible text: Chrome 
2018-11-14 18:22:28,353 INFO  [Log] The element with id: connection is selected with visible text: Cable (5/1 Mbps 28ms RTT) 
2018-11-14 18:22:33,220 INFO  [Log] Invoke AUT: https://www.webpagetest.org/ in chrome browser successfully. 
2018-11-14 18:22:33,223 INFO  [Log] Implicit wait applied on the driver for 30 seconds. 
2018-11-14 18:22:33,663 INFO  [Log] The element with id: browser is selected with visible text: Chrome 
2018-11-14 18:22:33,727 INFO  [Log] The element with id: connection is selected with visible text: Cable (5/1 Mbps 28ms RTT) 
2018-11-14 18:22:39,284 INFO  [Log] Invoke AUT: https://www.webpagetest.org/ in chrome browser successfully. 
2018-11-14 18:22:39,286 INFO  [Log] Implicit wait applied on the driver for 30 seconds. 
2018-11-14 18:22:39,631 INFO  [Log] The element with id: browser is selected with visible text: Chrome 
2018-11-14 18:22:39,696 INFO  [Log] The element with id: connection is selected with visible text: Cable (5/1 Mbps 28ms RTT) 
2018-11-14 18:22:56,756 INFO  [Log] Invoke AUT: https://www.webpagetest.org/result/181114_BV_193930ae9c2e14fca24d6931dc1575ef/ in chrome browser successfully. 
2018-11-14 18:22:56,758 INFO  [Log] Implicit wait applied on the driver for 30 seconds. 
2018-11-14 18:23:01,122 INFO  [Log] Invoke AUT: https://www.webpagetest.org/result/181114_07_fb90ab7dc6a4f216bf17dbdac6dadeb5/ in chrome browser successfully. 
2018-11-14 18:23:01,125 INFO  [Log] Implicit wait applied on the driver for 30 seconds. 
2018-11-14 18:23:05,914 INFO  [Log] Invoke AUT: https://www.webpagetest.org/result/181114_83_d56eba794f03a8f7b8f5b218764c290f/ in chrome browser successfully. 
2018-11-14 18:23:05,918 INFO  [Log] Implicit wait applied on the driver for 30 seconds. 
2018-11-14 18:23:10,772 INFO  [Log] Invoke AUT: https://www.webpagetest.org/result/181114_S8_5f55e8f0fa7464749a6adc05fb2929c8/ in chrome browser successfully. 
2018-11-14 18:23:10,773 INFO  [Log] Implicit wait applied on the driver for 30 seconds. 
2018-11-14 18:23:15,251 INFO  [Log] Invoke AUT: https://www.webpagetest.org/result/181114_00_d3d430fb4a3412a9e367f2ddaba933e6/ in chrome browser successfully. 
2018-11-14 18:23:15,256 INFO  [Log] Implicit wait applied on the driver for 30 seconds. 
2018-11-14 18:23:20,074 INFO  [Log] Invoke AUT: https://www.webpagetest.org/result/181114_R3_c5807295f3c2ac37554364beae63f27a/ in chrome browser successfully. 
2018-11-14 18:23:20,076 INFO  [Log] Implicit wait applied on the driver for 30 seconds. 
2018-11-14 18:23:24,415 INFO  [Log] Invoke AUT: https://www.webpagetest.org/result/181114_MX_a70915b8803bd0db723f35d9b2bcb696/ in chrome browser successfully. 
2018-11-14 18:23:24,419 INFO  [Log] Implicit wait applied on the driver for 30 seconds. 
2018-11-14 18:23:29,307 INFO  [Log] Invoke AUT: https://www.webpagetest.org/result/181114_3M_16a17707022e164f48f62ca8233e17c8/ in chrome browser successfully. 
2018-11-14 18:23:29,312 INFO  [Log] Implicit wait applied on the driver for 30 seconds. 
2018-11-14 18:23:34,297 INFO  [Log] Invoke AUT: https://www.webpagetest.org/result/181114_3Z_30ef1fd7ca45ab28715f7abdb03edbf1/ in chrome browser successfully. 
2018-11-14 18:23:34,301 INFO  [Log] Implicit wait applied on the driver for 30 seconds. 
2018-11-14 18:23:39,136 INFO  [Log] Invoke AUT: https://www.webpagetest.org/result/181114_4W_4aea3d5cc0a65365a0ad4bf7238268ee/ in chrome browser successfully. 
2018-11-14 18:23:39,140 INFO  [Log] Implicit wait applied on the driver for 30 seconds. 
2018-11-14 18:23:52,576 INFO  [Log] Invoke AUT: https://www.webpagetest.org/result/181114_AW_f1f113c1048c9946422520eb139655a2/ in chrome browser successfully. 
2018-11-14 18:23:52,579 INFO  [Log] Implicit wait applied on the driver for 30 seconds. 
2018-11-14 18:35:10,753 INFO  [Log] Invoke AUT: https://www.webpagetest.org/result/181114_AW_f1f113c1048c9946422520eb139655a2/ in chrome browser successfully. 
2018-11-14 18:35:10,760 INFO  [Log] Implicit wait applied on the driver for 30 seconds. 
2018-11-14 18:40:36,715 INFO  [Log] Invoke AUT: https://www.webpagetest.org/result/181114_AW_f1f113c1048c9946422520eb139655a2/ in chrome browser successfully. 
2018-11-14 18:40:36,719 INFO  [Log] Implicit wait applied on the driver for 30 seconds. 
2018-11-14 18:41:17,780 INFO  [Log] Invoke AUT: https://www.webpagetest.org/result/181114_AW_f1f113c1048c9946422520eb139655a2/ in chrome browser successfully. 
2018-11-14 18:41:17,785 INFO  [Log] Implicit wait applied on the driver for 30 seconds. 
2018-11-14 18:41:59,914 INFO  [Log] Invoke AUT: https://www.webpagetest.org/result/181114_AW_f1f113c1048c9946422520eb139655a2/ in chrome browser successfully. 
2018-11-14 18:41:59,920 INFO  [Log] Implicit wait applied on the driver for 30 seconds. 
2018-11-14 18:42:41,295 INFO  [Log] Invoke AUT: https://www.webpagetest.org/result/181114_AW_f1f113c1048c9946422520eb139655a2/ in chrome browser successfully. 
2018-11-14 18:42:41,300 INFO  [Log] Implicit wait applied on the driver for 30 seconds. 
2018-11-14 19:10:39,453 FATAL [Log] Unable to launch the application  in the chrome browser. org.openqa.selenium.WebDriverException: unknown error: unhandled inspector error: {"code":-32000,"message":"Cannot navigate to invalid URL"}
  (Session info: chrome=68.0.3440.106)
  (Driver info: chromedriver=2.40.565498 (ea082db3280dd6843ebfb08a625e3eb905c4f5ab),platform=Windows NT 10.0.17134 x86_64) (WARNING: The server did not provide any stacktrace information)
Command duration or timeout: 0 milliseconds
Build info: version: '3.6.0', revision: '6fbf3ec767', time: '2017-09-27T15:28:36.4Z'
System info: host: 'MJN_TEST_AUTOMA', ip: '10.10.4.218', os.name: 'Windows 10', os.arch: 'amd64', os.version: '10.0', java.version: '10.0.1'
Driver info: org.openqa.selenium.chrome.ChromeDriver
Capabilities [{mobileEmulationEnabled=false, hasTouchScreen=false, platform=XP, acceptSslCerts=false, acceptInsecureCerts=false, webStorageEnabled=true, browserName=chrome, takesScreenshot=true, javascriptEnabled=true, platformName=XP, setWindowRect=true, unexpectedAlertBehaviour=, applicationCacheEnabled=false, rotatable=false, networkConnectionEnabled=false, chrome={chromedriverVersion=2.40.565498 (ea082db3280dd6843ebfb08a625e3eb905c4f5ab), userDataDir=C:\Users\user\AppData\Local\Temp\scoped_dir44792_6390}, takesHeapSnapshot=true, pageLoadStrategy=normal, unhandledPromptBehavior=, databaseEnabled=false, handlesAlerts=true, version=68.0.3440.106, browserConnectionEnabled=false, nativeEvents=true, locationContextEnabled=true, cssSelectorsEnabled=true}]
Session ID: ae24c65aeff1d250f10b2c2dbd54e61d 
2018-11-14 19:11:20,104 FATAL [Log] Unable to launch the application  in the chrome browser. org.openqa.selenium.WebDriverException: unknown error: unhandled inspector error: {"code":-32000,"message":"Cannot navigate to invalid URL"}
  (Session info: chrome=68.0.3440.106)
  (Driver info: chromedriver=2.40.565498 (ea082db3280dd6843ebfb08a625e3eb905c4f5ab),platform=Windows NT 10.0.17134 x86_64) (WARNING: The server did not provide any stacktrace information)
Command duration or timeout: 0 milliseconds
Build info: version: '3.6.0', revision: '6fbf3ec767', time: '2017-09-27T15:28:36.4Z'
System info: host: 'MJN_TEST_AUTOMA', ip: '10.10.4.218', os.name: 'Windows 10', os.arch: 'amd64', os.version: '10.0', java.version: '10.0.1'
Driver info: org.openqa.selenium.chrome.ChromeDriver
Capabilities [{mobileEmulationEnabled=false, hasTouchScreen=false, platform=XP, acceptSslCerts=false, acceptInsecureCerts=false, webStorageEnabled=true, browserName=chrome, takesScreenshot=true, javascriptEnabled=true, platformName=XP, setWindowRect=true, unexpectedAlertBehaviour=, applicationCacheEnabled=false, rotatable=false, networkConnectionEnabled=false, chrome={chromedriverVersion=2.40.565498 (ea082db3280dd6843ebfb08a625e3eb905c4f5ab), userDataDir=C:\Users\user\AppData\Local\Temp\scoped_dir46876_1907}, takesHeapSnapshot=true, pageLoadStrategy=normal, unhandledPromptBehavior=, databaseEnabled=false, handlesAlerts=true, version=68.0.3440.106, browserConnectionEnabled=false, nativeEvents=true, locationContextEnabled=true, cssSelectorsEnabled=true}]
Session ID: 349102584aaf992c368dfe3aad48136a 
2018-11-14 19:12:16,612 INFO  [Log] Invoke AUT: https://www.webpagetest.org/ in chrome browser successfully. 
2018-11-14 19:12:16,618 INFO  [Log] Implicit wait applied on the driver for 30 seconds. 
2018-11-14 19:13:14,455 INFO  [Log] Invoke AUT: https://www.webpagetest.org/ in chrome browser successfully. 
2018-11-14 19:13:14,468 INFO  [Log] Implicit wait applied on the driver for 30 seconds. 
2018-11-14 19:13:15,151 INFO  [Log] The element with id: browser is selected with visible text: Galaxy S7 - Chrome 
2018-11-14 19:13:15,361 INFO  [Log] The element with id: connection is selected with visible text: LTE (12 Mbps/12 Mbps 70ms RTT) 
2018-11-14 19:13:21,283 INFO  [Log] Invoke AUT: https://www.webpagetest.org/ in chrome browser successfully. 
2018-11-14 19:13:21,287 INFO  [Log] Implicit wait applied on the driver for 30 seconds. 
2018-11-14 19:13:21,655 INFO  [Log] The element with id: browser is selected with visible text: Galaxy S7 - Chrome 
2018-11-14 19:13:21,737 INFO  [Log] The element with id: connection is selected with visible text: LTE (12 Mbps/12 Mbps 70ms RTT) 
2018-11-14 19:13:27,527 INFO  [Log] Invoke AUT: https://www.webpagetest.org/ in chrome browser successfully. 
2018-11-14 19:13:27,530 INFO  [Log] Implicit wait applied on the driver for 30 seconds. 
2018-11-14 19:13:27,900 INFO  [Log] The element with id: browser is selected with visible text: Galaxy S7 - Chrome 
2018-11-14 19:13:27,980 INFO  [Log] The element with id: connection is selected with visible text: LTE (12 Mbps/12 Mbps 70ms RTT) 
2018-11-14 19:13:33,894 INFO  [Log] Invoke AUT: https://www.webpagetest.org/ in chrome browser successfully. 
2018-11-14 19:13:33,897 INFO  [Log] Implicit wait applied on the driver for 30 seconds. 
2018-11-14 19:13:34,291 INFO  [Log] The element with id: browser is selected with visible text: Galaxy S7 - Chrome 
2018-11-14 19:13:34,369 INFO  [Log] The element with id: connection is selected with visible text: LTE (12 Mbps/12 Mbps 70ms RTT) 
2018-11-14 19:13:39,670 INFO  [Log] Invoke AUT: https://www.webpagetest.org/ in chrome browser successfully. 
2018-11-14 19:13:39,673 INFO  [Log] Implicit wait applied on the driver for 30 seconds. 
2018-11-14 19:13:40,113 INFO  [Log] The element with id: browser is selected with visible text: Galaxy S7 - Chrome 
2018-11-14 19:13:40,185 INFO  [Log] The element with id: connection is selected with visible text: LTE (12 Mbps/12 Mbps 70ms RTT) 
2018-11-14 19:13:45,232 INFO  [Log] Invoke AUT: https://www.webpagetest.org/ in chrome browser successfully. 
2018-11-14 19:13:45,235 INFO  [Log] Implicit wait applied on the driver for 30 seconds. 
2018-11-14 19:13:45,764 INFO  [Log] The element with id: browser is selected with visible text: Galaxy S7 - Chrome 
2018-11-14 19:13:45,912 INFO  [Log] The element with id: connection is selected with visible text: LTE (12 Mbps/12 Mbps 70ms RTT) 
2018-11-14 19:13:53,097 INFO  [Log] Invoke AUT: https://www.webpagetest.org/ in chrome browser successfully. 
2018-11-14 19:13:53,100 INFO  [Log] Implicit wait applied on the driver for 30 seconds. 
2018-11-14 19:13:53,571 INFO  [Log] The element with id: browser is selected with visible text: Galaxy S7 - Chrome 
2018-11-14 19:13:53,660 INFO  [Log] The element with id: connection is selected with visible text: LTE (12 Mbps/12 Mbps 70ms RTT) 
2018-11-14 19:13:59,255 INFO  [Log] Invoke AUT: https://www.webpagetest.org/ in chrome browser successfully. 
2018-11-14 19:13:59,259 INFO  [Log] Implicit wait applied on the driver for 30 seconds. 
2018-11-14 19:13:59,577 INFO  [Log] The element with id: browser is selected with visible text: Galaxy S7 - Chrome 
2018-11-14 19:13:59,665 INFO  [Log] The element with id: connection is selected with visible text: LTE (12 Mbps/12 Mbps 70ms RTT) 
2018-11-14 19:14:06,036 INFO  [Log] Invoke AUT: https://www.webpagetest.org/ in chrome browser successfully. 
2018-11-14 19:14:06,040 INFO  [Log] Implicit wait applied on the driver for 30 seconds. 
2018-11-14 19:14:06,488 INFO  [Log] The element with id: browser is selected with visible text: Galaxy S7 - Chrome 
2018-11-14 19:14:06,565 INFO  [Log] The element with id: connection is selected with visible text: LTE (12 Mbps/12 Mbps 70ms RTT) 
2018-11-14 19:14:12,292 INFO  [Log] Invoke AUT: https://www.webpagetest.org/ in chrome browser successfully. 
2018-11-14 19:14:12,296 INFO  [Log] Implicit wait applied on the driver for 30 seconds. 
2018-11-14 19:14:12,675 INFO  [Log] The element with id: browser is selected with visible text: Galaxy S7 - Chrome 
2018-11-14 19:14:12,748 INFO  [Log] The element with id: connection is selected with visible text: LTE (12 Mbps/12 Mbps 70ms RTT) 
2018-11-14 19:14:30,919 INFO  [Log] Invoke AUT: https://www.webpagetest.org/ in chrome browser successfully. 
2018-11-14 19:14:30,923 INFO  [Log] Implicit wait applied on the driver for 30 seconds. 
2018-11-14 19:15:04,715 INFO  [Log] Invoke AUT: https://www.webpagetest.org/ in chrome browser successfully. 
2018-11-14 19:15:04,726 INFO  [Log] Implicit wait applied on the driver for 30 seconds. 
2018-11-14 19:15:05,271 INFO  [Log] The element with id: browser is selected with visible text: Chrome 
2018-11-14 19:15:05,405 INFO  [Log] The element with id: connection is selected with visible text: Cable (5/1 Mbps 28ms RTT) 
2018-11-14 19:15:11,236 INFO  [Log] Invoke AUT: https://www.webpagetest.org/ in chrome browser successfully. 
2018-11-14 19:15:11,240 INFO  [Log] Implicit wait applied on the driver for 30 seconds. 
2018-11-14 19:15:11,594 INFO  [Log] The element with id: browser is selected with visible text: Chrome 
2018-11-14 19:15:11,662 INFO  [Log] The element with id: connection is selected with visible text: Cable (5/1 Mbps 28ms RTT) 
2018-11-14 19:15:17,708 INFO  [Log] Invoke AUT: https://www.webpagetest.org/ in chrome browser successfully. 
2018-11-14 19:15:17,711 INFO  [Log] Implicit wait applied on the driver for 30 seconds. 
2018-11-14 19:15:18,131 INFO  [Log] The element with id: browser is selected with visible text: Chrome 
2018-11-14 19:15:18,200 INFO  [Log] The element with id: connection is selected with visible text: Cable (5/1 Mbps 28ms RTT) 
2018-11-14 19:15:24,407 INFO  [Log] Invoke AUT: https://www.webpagetest.org/ in chrome browser successfully. 
2018-11-14 19:15:24,410 INFO  [Log] Implicit wait applied on the driver for 30 seconds. 
2018-11-14 19:15:24,788 INFO  [Log] The element with id: browser is selected with visible text: Chrome 
2018-11-14 19:15:24,852 INFO  [Log] The element with id: connection is selected with visible text: Cable (5/1 Mbps 28ms RTT) 
2018-11-14 19:15:30,352 INFO  [Log] Invoke AUT: https://www.webpagetest.org/ in chrome browser successfully. 
2018-11-14 19:15:30,356 INFO  [Log] Implicit wait applied on the driver for 30 seconds. 
2018-11-14 19:15:30,785 INFO  [Log] The element with id: browser is selected with visible text: Chrome 
2018-11-14 19:15:30,856 INFO  [Log] The element with id: connection is selected with visible text: Cable (5/1 Mbps 28ms RTT) 
2018-11-14 19:15:36,264 INFO  [Log] Invoke AUT: https://www.webpagetest.org/ in chrome browser successfully. 
2018-11-14 19:15:36,267 INFO  [Log] Implicit wait applied on the driver for 30 seconds. 
2018-11-14 19:15:36,655 INFO  [Log] The element with id: browser is selected with visible text: Chrome 
2018-11-14 19:15:36,726 INFO  [Log] The element with id: connection is selected with visible text: Cable (5/1 Mbps 28ms RTT) 
2018-11-14 19:15:43,905 INFO  [Log] Invoke AUT: https://www.webpagetest.org/ in chrome browser successfully. 
2018-11-14 19:15:43,907 INFO  [Log] Implicit wait applied on the driver for 30 seconds. 
2018-11-14 19:15:44,367 INFO  [Log] The element with id: browser is selected with visible text: Chrome 
2018-11-14 19:15:44,434 INFO  [Log] The element with id: connection is selected with visible text: Cable (5/1 Mbps 28ms RTT) 
2018-11-14 19:15:50,575 INFO  [Log] Invoke AUT: https://www.webpagetest.org/ in chrome browser successfully. 
2018-11-14 19:15:50,576 INFO  [Log] Implicit wait applied on the driver for 30 seconds. 
2018-11-14 19:15:50,884 INFO  [Log] The element with id: browser is selected with visible text: Chrome 
2018-11-14 19:15:50,954 INFO  [Log] The element with id: connection is selected with visible text: Cable (5/1 Mbps 28ms RTT) 
2018-11-14 19:15:56,455 INFO  [Log] Invoke AUT: https://www.webpagetest.org/ in chrome browser successfully. 
2018-11-14 19:15:56,458 INFO  [Log] Implicit wait applied on the driver for 30 seconds. 
2018-11-14 19:15:56,937 INFO  [Log] The element with id: browser is selected with visible text: Chrome 
2018-11-14 19:15:57,034 INFO  [Log] The element with id: connection is selected with visible text: Cable (5/1 Mbps 28ms RTT) 
2018-11-14 19:16:02,811 INFO  [Log] Invoke AUT: https://www.webpagetest.org/ in chrome browser successfully. 
2018-11-14 19:16:02,814 INFO  [Log] Implicit wait applied on the driver for 30 seconds. 
2018-11-14 19:16:03,154 INFO  [Log] The element with id: browser is selected with visible text: Chrome 
2018-11-14 19:16:03,224 INFO  [Log] The element with id: connection is selected with visible text: Cable (5/1 Mbps 28ms RTT) 
2018-11-14 19:16:22,158 INFO  [Log] Invoke AUT: https://www.webpagetest.org/result/181114_76_8d256df00147a69824c5fbb1df9203c8/ in chrome browser successfully. 
2018-11-14 19:16:22,160 INFO  [Log] Implicit wait applied on the driver for 30 seconds. 
2018-11-14 19:16:26,934 INFO  [Log] Invoke AUT: https://www.webpagetest.org/result/181114_E1_5712b43d43cbed8a07c214c453d1c225/ in chrome browser successfully. 
2018-11-14 19:16:26,936 INFO  [Log] Implicit wait applied on the driver for 30 seconds. 
2018-11-14 19:16:31,749 INFO  [Log] Invoke AUT: https://www.webpagetest.org/result/181114_TF_eaa8e02c28f851b23570d2129cd78b19/ in chrome browser successfully. 
2018-11-14 19:16:31,751 INFO  [Log] Implicit wait applied on the driver for 30 seconds. 
2018-11-14 19:16:36,583 INFO  [Log] Invoke AUT: https://www.webpagetest.org/result/181114_VT_40f003dece9fd04546a0ebab104b3b57/ in chrome browser successfully. 
2018-11-14 19:16:36,586 INFO  [Log] Implicit wait applied on the driver for 30 seconds. 
2018-11-14 19:16:41,030 INFO  [Log] Invoke AUT: https://www.webpagetest.org/result/181114_WM_85b1339417e0f6323e446d11d7fb50b0/ in chrome browser successfully. 
2018-11-14 19:16:41,033 INFO  [Log] Implicit wait applied on the driver for 30 seconds. 
2018-11-14 19:16:45,491 INFO  [Log] Invoke AUT: https://www.webpagetest.org/result/181114_G8_0ec88ffc8b734036abc377f7aa785154/ in chrome browser successfully. 
2018-11-14 19:16:45,495 INFO  [Log] Implicit wait applied on the driver for 30 seconds. 
2018-11-14 19:16:50,348 INFO  [Log] Invoke AUT: https://www.webpagetest.org/result/181114_CQ_4e88467752674ac5531f672561fd0552/ in chrome browser successfully. 
2018-11-14 19:16:50,351 INFO  [Log] Implicit wait applied on the driver for 30 seconds. 
2018-11-14 19:16:54,973 INFO  [Log] Invoke AUT: https://www.webpagetest.org/result/181114_BR_1b4ccee2b66d00797794394f97846ea9/ in chrome browser successfully. 
2018-11-14 19:16:54,976 INFO  [Log] Implicit wait applied on the driver for 30 seconds. 
2018-11-14 19:16:59,336 INFO  [Log] Invoke AUT: https://www.webpagetest.org/result/181114_Y8_ec452aadf77c21ff28ffd04981c58b8b/ in chrome browser successfully. 
2018-11-14 19:16:59,339 INFO  [Log] Implicit wait applied on the driver for 30 seconds. 
2018-11-14 19:17:04,136 INFO  [Log] Invoke AUT: https://www.webpagetest.org/result/181114_SX_1a8c6720b46a258ff9f334180a529145/ in chrome browser successfully. 
2018-11-14 19:17:04,138 INFO  [Log] Implicit wait applied on the driver for 30 seconds. 
2018-11-14 19:17:17,603 INFO  [Log] Invoke AUT: https://www.webpagetest.org/result/181114_Y1_46570c9051f89054dc04f93ed52f75de/ in chrome browser successfully. 
2018-11-14 19:17:17,605 INFO  [Log] Implicit wait applied on the driver for 30 seconds. 
2018-11-14 19:18:01,130 INFO  [Log] Invoke AUT: https://www.webpagetest.org/result/181114_Y1_46570c9051f89054dc04f93ed52f75de/ in chrome browser successfully. 
2018-11-14 19:18:01,133 INFO  [Log] Implicit wait applied on the driver for 30 seconds. 
2018-11-14 19:18:42,195 INFO  [Log] Invoke AUT: https://www.webpagetest.org/result/181114_Y1_46570c9051f89054dc04f93ed52f75de/ in chrome browser successfully. 
2018-11-14 19:18:42,198 INFO  [Log] Implicit wait applied on the driver for 30 seconds. 
2018-11-14 19:19:25,142 INFO  [Log] Invoke AUT: https://www.webpagetest.org/result/181114_Y1_46570c9051f89054dc04f93ed52f75de/ in chrome browser successfully. 
2018-11-14 19:19:25,144 INFO  [Log] Implicit wait applied on the driver for 30 seconds. 
2018-11-14 20:05:24,747 INFO  [Log] Invoke AUT: https://www.webpagetest.org/ in chrome browser successfully. 
2018-11-14 20:05:24,752 INFO  [Log] Implicit wait applied on the driver for 30 seconds. 
2018-11-14 20:05:56,593 INFO  [Log] Invoke AUT: https://www.webpagetest.org/ in chrome browser successfully. 
2018-11-14 20:05:56,597 INFO  [Log] Implicit wait applied on the driver for 30 seconds. 
2018-11-14 20:05:57,075 INFO  [Log] The element with id: browser is selected with visible text: Chrome 
2018-11-14 20:05:57,402 INFO  [Log] The element with id: connection is selected with visible text: Cable (5/1 Mbps 28ms RTT) 
2018-11-14 20:06:03,964 INFO  [Log] Invoke AUT: https://www.webpagetest.org/ in chrome browser successfully. 
2018-11-14 20:06:03,974 INFO  [Log] Implicit wait applied on the driver for 30 seconds. 
2018-11-14 20:06:04,362 INFO  [Log] The element with id: browser is selected with visible text: Chrome 
2018-11-14 20:06:04,434 INFO  [Log] The element with id: connection is selected with visible text: Cable (5/1 Mbps 28ms RTT) 
2018-11-14 20:06:31,818 INFO  [Log] Invoke AUT: https://www.webpagetest.org/ in chrome browser successfully. 
2018-11-14 20:06:31,822 INFO  [Log] Implicit wait applied on the driver for 30 seconds. 
2018-11-14 20:06:32,301 INFO  [Log] The element with id: browser is selected with visible text: Chrome 
2018-11-14 20:06:32,379 INFO  [Log] The element with id: connection is selected with visible text: Cable (5/1 Mbps 28ms RTT) 
2018-11-14 20:06:37,619 INFO  [Log] Invoke AUT: https://www.webpagetest.org/ in chrome browser successfully. 
2018-11-14 20:06:37,625 INFO  [Log] Implicit wait applied on the driver for 30 seconds. 
2018-11-14 20:06:38,005 INFO  [Log] The element with id: browser is selected with visible text: Chrome 
2018-11-14 20:06:38,073 INFO  [Log] The element with id: connection is selected with visible text: Cable (5/1 Mbps 28ms RTT) 
2018-11-14 20:06:43,755 INFO  [Log] Invoke AUT: https://www.webpagetest.org/ in chrome browser successfully. 
2018-11-14 20:06:43,761 INFO  [Log] Implicit wait applied on the driver for 30 seconds. 
2018-11-14 20:06:44,232 INFO  [Log] The element with id: browser is selected with visible text: Chrome 
2018-11-14 20:06:44,297 INFO  [Log] The element with id: connection is selected with visible text: Cable (5/1 Mbps 28ms RTT) 
2018-11-14 20:06:49,256 INFO  [Log] Invoke AUT: https://www.webpagetest.org/ in chrome browser successfully. 
2018-11-14 20:06:49,259 INFO  [Log] Implicit wait applied on the driver for 30 seconds. 
2018-11-14 20:06:49,656 INFO  [Log] The element with id: browser is selected with visible text: Chrome 
2018-11-14 20:06:49,727 INFO  [Log] The element with id: connection is selected with visible text: Cable (5/1 Mbps 28ms RTT) 
2018-11-14 20:06:57,176 INFO  [Log] Invoke AUT: https://www.webpagetest.org/ in chrome browser successfully. 
2018-11-14 20:06:57,180 INFO  [Log] Implicit wait applied on the driver for 30 seconds. 
2018-11-14 20:06:57,666 INFO  [Log] The element with id: browser is selected with visible text: Chrome 
2018-11-14 20:06:57,863 INFO  [Log] The element with id: connection is selected with visible text: Cable (5/1 Mbps 28ms RTT) 
2018-11-14 20:07:03,118 INFO  [Log] Invoke AUT: https://www.webpagetest.org/ in chrome browser successfully. 
2018-11-14 20:07:03,120 INFO  [Log] Implicit wait applied on the driver for 30 seconds. 
2018-11-14 20:07:03,433 INFO  [Log] The element with id: browser is selected with visible text: Chrome 
2018-11-14 20:07:03,497 INFO  [Log] The element with id: connection is selected with visible text: Cable (5/1 Mbps 28ms RTT) 
2018-11-14 20:07:08,781 INFO  [Log] Invoke AUT: https://www.webpagetest.org/ in chrome browser successfully. 
2018-11-14 20:07:08,785 INFO  [Log] Implicit wait applied on the driver for 30 seconds. 
2018-11-14 20:07:09,203 INFO  [Log] The element with id: browser is selected with visible text: Chrome 
2018-11-14 20:07:09,271 INFO  [Log] The element with id: connection is selected with visible text: Cable (5/1 Mbps 28ms RTT) 
2018-11-14 20:07:14,821 INFO  [Log] Invoke AUT: https://www.webpagetest.org/ in chrome browser successfully. 
2018-11-14 20:07:14,825 INFO  [Log] Implicit wait applied on the driver for 30 seconds. 
2018-11-14 20:07:15,182 INFO  [Log] The element with id: browser is selected with visible text: Chrome 
2018-11-14 20:07:15,249 INFO  [Log] The element with id: connection is selected with visible text: Cable (5/1 Mbps 28ms RTT) 
2018-11-14 20:07:48,454 INFO  [Log] Invoke AUT: https://www.webpagetest.org/ in chrome browser successfully. 
2018-11-14 20:07:48,459 INFO  [Log] Implicit wait applied on the driver for 30 seconds. 
2018-11-14 20:08:21,628 INFO  [Log] Invoke AUT: https://www.webpagetest.org/ in chrome browser successfully. 
2018-11-14 20:08:21,632 INFO  [Log] Implicit wait applied on the driver for 30 seconds. 
2018-11-14 20:08:22,301 INFO  [Log] The element with id: browser is selected with visible text: Chrome 
2018-11-14 20:08:22,442 INFO  [Log] The element with id: connection is selected with visible text: Cable (5/1 Mbps 28ms RTT) 
2018-11-14 20:08:28,666 INFO  [Log] Invoke AUT: https://www.webpagetest.org/ in chrome browser successfully. 
2018-11-14 20:08:28,669 INFO  [Log] Implicit wait applied on the driver for 30 seconds. 
2018-11-14 20:08:29,109 INFO  [Log] The element with id: browser is selected with visible text: Chrome 
2018-11-14 20:08:29,210 INFO  [Log] The element with id: connection is selected with visible text: Cable (5/1 Mbps 28ms RTT) 
2018-11-14 20:08:34,475 INFO  [Log] Invoke AUT: https://www.webpagetest.org/ in chrome browser successfully. 
2018-11-14 20:08:34,479 INFO  [Log] Implicit wait applied on the driver for 30 seconds. 
2018-11-14 20:08:34,848 INFO  [Log] The element with id: browser is selected with visible text: Chrome 
2018-11-14 20:08:34,910 INFO  [Log] The element with id: connection is selected with visible text: Cable (5/1 Mbps 28ms RTT) 
2018-11-14 20:08:40,680 INFO  [Log] Invoke AUT: https://www.webpagetest.org/ in chrome browser successfully. 
2018-11-14 20:08:40,683 INFO  [Log] Implicit wait applied on the driver for 30 seconds. 
2018-11-14 20:08:41,066 INFO  [Log] The element with id: browser is selected with visible text: Chrome 
2018-11-14 20:08:41,132 INFO  [Log] The element with id: connection is selected with visible text: Cable (5/1 Mbps 28ms RTT) 
2018-11-14 20:08:46,397 INFO  [Log] Invoke AUT: https://www.webpagetest.org/ in chrome browser successfully. 
2018-11-14 20:08:46,401 INFO  [Log] Implicit wait applied on the driver for 30 seconds. 
2018-11-14 20:08:46,839 INFO  [Log] The element with id: browser is selected with visible text: Chrome 
2018-11-14 20:08:46,910 INFO  [Log] The element with id: connection is selected with visible text: Cable (5/1 Mbps 28ms RTT) 
2018-11-14 20:08:52,933 INFO  [Log] Invoke AUT: https://www.webpagetest.org/ in chrome browser successfully. 
2018-11-14 20:08:52,940 INFO  [Log] Implicit wait applied on the driver for 30 seconds. 
2018-11-14 20:08:53,361 INFO  [Log] The element with id: browser is selected with visible text: Chrome 
2018-11-14 20:08:53,428 INFO  [Log] The element with id: connection is selected with visible text: Cable (5/1 Mbps 28ms RTT) 
2018-11-14 20:09:00,792 INFO  [Log] Invoke AUT: https://www.webpagetest.org/ in chrome browser successfully. 
2018-11-14 20:09:00,798 INFO  [Log] Implicit wait applied on the driver for 30 seconds. 
2018-11-14 20:09:01,270 INFO  [Log] The element with id: browser is selected with visible text: Chrome 
2018-11-14 20:09:01,333 INFO  [Log] The element with id: connection is selected with visible text: Cable (5/1 Mbps 28ms RTT) 
2018-11-14 20:09:06,897 INFO  [Log] Invoke AUT: https://www.webpagetest.org/ in chrome browser successfully. 
2018-11-14 20:09:06,900 INFO  [Log] Implicit wait applied on the driver for 30 seconds. 
2018-11-14 20:09:07,207 INFO  [Log] The element with id: browser is selected with visible text: Chrome 
2018-11-14 20:09:07,272 INFO  [Log] The element with id: connection is selected with visible text: Cable (5/1 Mbps 28ms RTT) 
2018-11-14 20:09:12,114 INFO  [Log] Invoke AUT: https://www.webpagetest.org/ in chrome browser successfully. 
2018-11-14 20:09:12,117 INFO  [Log] Implicit wait applied on the driver for 30 seconds. 
2018-11-14 20:09:12,549 INFO  [Log] The element with id: browser is selected with visible text: Chrome 
2018-11-14 20:09:12,611 INFO  [Log] The element with id: connection is selected with visible text: Cable (5/1 Mbps 28ms RTT) 
2018-11-14 20:09:17,883 INFO  [Log] Invoke AUT: https://www.webpagetest.org/ in chrome browser successfully. 
2018-11-14 20:09:17,889 INFO  [Log] Implicit wait applied on the driver for 30 seconds. 
2018-11-14 20:09:18,224 INFO  [Log] The element with id: browser is selected with visible text: Chrome 
2018-11-14 20:09:18,291 INFO  [Log] The element with id: connection is selected with visible text: Cable (5/1 Mbps 28ms RTT) 
2018-11-14 20:09:37,459 INFO  [Log] Invoke AUT: https://www.webpagetest.org/result/181114_Y6_04c3882d6a63ce77d307048813732bd7/ in chrome browser successfully. 
2018-11-14 20:09:37,464 INFO  [Log] Implicit wait applied on the driver for 30 seconds. 
2018-11-14 20:09:42,175 INFO  [Log] Invoke AUT: https://www.webpagetest.org/result/181114_TD_65402186c68f0270316a6f01aa0041d6/ in chrome browser successfully. 
2018-11-14 20:09:42,179 INFO  [Log] Implicit wait applied on the driver for 30 seconds. 
2018-11-14 20:09:46,669 INFO  [Log] Invoke AUT: https://www.webpagetest.org/result/181114_1K_670323ac1acd01cc88d5315d2296fec5/ in chrome browser successfully. 
2018-11-14 20:09:46,673 INFO  [Log] Implicit wait applied on the driver for 30 seconds. 
2018-11-14 20:09:51,059 INFO  [Log] Invoke AUT: https://www.webpagetest.org/result/181114_7J_bd3f4cf333b0c74eaf0105d189ccbc2a/ in chrome browser successfully. 
2018-11-14 20:09:51,065 INFO  [Log] Implicit wait applied on the driver for 30 seconds. 
2018-11-14 20:09:55,472 INFO  [Log] Invoke AUT: https://www.webpagetest.org/result/181114_65_293f47ba0d029fbbdc9ea7c5c9e05541/ in chrome browser successfully. 
2018-11-14 20:09:55,475 INFO  [Log] Implicit wait applied on the driver for 30 seconds. 
2018-11-14 20:10:00,626 INFO  [Log] Invoke AUT: https://www.webpagetest.org/result/181114_NE_8ee2a667daf77acf0d0baa2fad2da079/ in chrome browser successfully. 
2018-11-14 20:10:00,630 INFO  [Log] Implicit wait applied on the driver for 30 seconds. 
2018-11-14 20:10:05,483 INFO  [Log] Invoke AUT: https://www.webpagetest.org/result/181114_YX_e3807a4dd1eed639cbdd2d5ace10f5a4/ in chrome browser successfully. 
2018-11-14 20:10:05,490 INFO  [Log] Implicit wait applied on the driver for 30 seconds. 
2018-11-14 20:10:10,089 INFO  [Log] Invoke AUT: https://www.webpagetest.org/result/181114_V2_c0821560ccdf909dd49b4f4f9d274eae/ in chrome browser successfully. 
2018-11-14 20:10:10,095 INFO  [Log] Implicit wait applied on the driver for 30 seconds. 
2018-11-14 20:10:14,948 INFO  [Log] Invoke AUT: https://www.webpagetest.org/result/181114_NM_28c88cbf4d1e73eaa1268f638c314f88/ in chrome browser successfully. 
2018-11-14 20:10:14,951 INFO  [Log] Implicit wait applied on the driver for 30 seconds. 
2018-11-14 20:10:19,841 INFO  [Log] Invoke AUT: https://www.webpagetest.org/result/181114_B5_ae9614c3ff60a0a8474b6e4a074599b1/ in chrome browser successfully. 
2018-11-14 20:10:19,844 INFO  [Log] Implicit wait applied on the driver for 30 seconds. 
2018-11-14 20:14:49,903 INFO  [Log] Invoke AUT: https://www.webpagetest.org/ in chrome browser successfully. 
2018-11-14 20:14:49,907 INFO  [Log] Implicit wait applied on the driver for 30 seconds. 
2018-11-14 20:15:23,898 INFO  [Log] Invoke AUT: https://www.webpagetest.org/ in chrome browser successfully. 
2018-11-14 20:15:23,904 INFO  [Log] Implicit wait applied on the driver for 30 seconds. 
2018-11-14 20:15:24,367 INFO  [Log] The element with id: browser is selected with visible text: Galaxy S7 - Chrome 
2018-11-14 20:15:24,552 INFO  [Log] The element with id: connection is selected with visible text: LTE (12 Mbps/12 Mbps 70ms RTT) 
2018-11-14 20:15:31,511 INFO  [Log] Invoke AUT: https://www.webpagetest.org/ in chrome browser successfully. 
2018-11-14 20:15:31,515 INFO  [Log] Implicit wait applied on the driver for 30 seconds. 
2018-11-14 20:15:31,955 INFO  [Log] The element with id: browser is selected with visible text: Galaxy S7 - Chrome 
2018-11-14 20:15:32,028 INFO  [Log] The element with id: connection is selected with visible text: LTE (12 Mbps/12 Mbps 70ms RTT) 
2018-11-14 20:15:37,853 INFO  [Log] Invoke AUT: https://www.webpagetest.org/ in chrome browser successfully. 
2018-11-14 20:15:37,857 INFO  [Log] Implicit wait applied on the driver for 30 seconds. 
2018-11-14 20:15:38,295 INFO  [Log] The element with id: browser is selected with visible text: Galaxy S7 - Chrome 
2018-11-14 20:15:38,360 INFO  [Log] The element with id: connection is selected with visible text: LTE (12 Mbps/12 Mbps 70ms RTT) 
2018-11-14 20:15:44,264 INFO  [Log] Invoke AUT: https://www.webpagetest.org/ in chrome browser successfully. 
2018-11-14 20:15:44,268 INFO  [Log] Implicit wait applied on the driver for 30 seconds. 
2018-11-14 20:15:44,774 INFO  [Log] The element with id: browser is selected with visible text: Galaxy S7 - Chrome 
2018-11-14 20:15:44,896 INFO  [Log] The element with id: connection is selected with visible text: LTE (12 Mbps/12 Mbps 70ms RTT) 
2018-11-14 20:15:50,667 INFO  [Log] Invoke AUT: https://www.webpagetest.org/ in chrome browser successfully. 
2018-11-14 20:15:50,670 INFO  [Log] Implicit wait applied on the driver for 30 seconds. 
2018-11-14 20:15:51,192 INFO  [Log] The element with id: browser is selected with visible text: Galaxy S7 - Chrome 
2018-11-14 20:15:51,262 INFO  [Log] The element with id: connection is selected with visible text: LTE (12 Mbps/12 Mbps 70ms RTT) 
2018-11-14 20:15:56,696 INFO  [Log] Invoke AUT: https://www.webpagetest.org/ in chrome browser successfully. 
2018-11-14 20:15:56,700 INFO  [Log] Implicit wait applied on the driver for 30 seconds. 
2018-11-14 20:15:57,109 INFO  [Log] The element with id: browser is selected with visible text: Galaxy S7 - Chrome 
2018-11-14 20:15:57,176 INFO  [Log] The element with id: connection is selected with visible text: LTE (12 Mbps/12 Mbps 70ms RTT) 
2018-11-14 20:16:04,725 INFO  [Log] Invoke AUT: https://www.webpagetest.org/ in chrome browser successfully. 
2018-11-14 20:16:04,730 INFO  [Log] Implicit wait applied on the driver for 30 seconds. 
2018-11-14 20:16:05,217 INFO  [Log] The element with id: browser is selected with visible text: Galaxy S7 - Chrome 
2018-11-14 20:16:05,283 INFO  [Log] The element with id: connection is selected with visible text: LTE (12 Mbps/12 Mbps 70ms RTT) 
2018-11-14 20:16:10,591 INFO  [Log] Invoke AUT: https://www.webpagetest.org/ in chrome browser successfully. 
2018-11-14 20:16:10,594 INFO  [Log] Implicit wait applied on the driver for 30 seconds. 
2018-11-14 20:16:10,914 INFO  [Log] The element with id: browser is selected with visible text: Galaxy S7 - Chrome 
2018-11-14 20:16:10,979 INFO  [Log] The element with id: connection is selected with visible text: LTE (12 Mbps/12 Mbps 70ms RTT) 
2018-11-14 20:16:16,177 INFO  [Log] Invoke AUT: https://www.webpagetest.org/ in chrome browser successfully. 
2018-11-14 20:16:16,180 INFO  [Log] Implicit wait applied on the driver for 30 seconds. 
2018-11-14 20:16:16,588 INFO  [Log] The element with id: browser is selected with visible text: Galaxy S7 - Chrome 
2018-11-14 20:16:16,657 INFO  [Log] The element with id: connection is selected with visible text: LTE (12 Mbps/12 Mbps 70ms RTT) 
2018-11-14 20:16:22,416 INFO  [Log] Invoke AUT: https://www.webpagetest.org/ in chrome browser successfully. 
2018-11-14 20:16:22,420 INFO  [Log] Implicit wait applied on the driver for 30 seconds. 
2018-11-14 20:16:22,790 INFO  [Log] The element with id: browser is selected with visible text: Galaxy S7 - Chrome 
2018-11-14 20:16:22,854 INFO  [Log] The element with id: connection is selected with visible text: LTE (12 Mbps/12 Mbps 70ms RTT) 
2018-11-14 20:16:40,673 INFO  [Log] Invoke AUT: https://www.webpagetest.org/ in chrome browser successfully. 
2018-11-14 20:16:40,676 INFO  [Log] Implicit wait applied on the driver for 30 seconds. 
2018-11-14 20:17:11,046 INFO  [Log] Invoke AUT: https://www.webpagetest.org/result/181114_10_208025870f98170c1522baef2dcdfc25/ in chrome browser successfully. 
2018-11-14 20:17:11,050 INFO  [Log] Implicit wait applied on the driver for 30 seconds. 
2018-11-14 20:17:55,149 INFO  [Log] Invoke AUT: https://www.webpagetest.org/ in chrome browser successfully. 
2018-11-14 20:17:55,151 INFO  [Log] Implicit wait applied on the driver for 30 seconds. 
2018-11-14 20:18:47,606 INFO  [Log] Invoke AUT: https://www.webpagetest.org/result/181114_10_208025870f98170c1522baef2dcdfc25/ in chrome browser successfully. 
2018-11-14 20:18:47,610 INFO  [Log] Implicit wait applied on the driver for 30 seconds. 
2018-11-14 20:19:30,712 INFO  [Log] Invoke AUT: https://www.webpagetest.org/ in chrome browser successfully. 
2018-11-14 20:19:30,715 INFO  [Log] Implicit wait applied on the driver for 30 seconds. 
2018-11-14 20:20:02,093 INFO  [Log] Invoke AUT: https://www.webpagetest.org/result/181114_10_208025870f98170c1522baef2dcdfc25/ in chrome browser successfully. 
2018-11-14 20:20:02,097 INFO  [Log] Implicit wait applied on the driver for 30 seconds. 
2018-11-14 20:20:46,129 INFO  [Log] Invoke AUT: https://www.webpagetest.org/ in chrome browser successfully. 
2018-11-14 20:20:46,132 INFO  [Log] Implicit wait applied on the driver for 30 seconds. 
2018-11-14 20:21:18,494 INFO  [Log] Invoke AUT: https://www.webpagetest.org/result/181114_10_208025870f98170c1522baef2dcdfc25/ in chrome browser successfully. 
2018-11-14 20:21:18,499 INFO  [Log] Implicit wait applied on the driver for 30 seconds. 
2018-11-14 20:21:22,129 INFO  [Log] Invoke AUT: https://www.webpagetest.org/result/181114_32_09cbb4d145b3b157a4376c74fa9f485a/ in chrome browser successfully. 
2018-11-14 20:21:22,134 INFO  [Log] Implicit wait applied on the driver for 30 seconds. 
2018-11-14 20:22:10,212 INFO  [Log] Invoke AUT: https://www.webpagetest.org/result/181114_KJ_b55a913e9fda8397968395b23026440e/ in chrome browser successfully. 
2018-11-14 20:22:10,215 INFO  [Log] Implicit wait applied on the driver for 30 seconds. 
2018-11-14 20:24:48,225 INFO  [Log] Invoke AUT: https://www.webpagetest.org/ in chrome browser successfully. 
2018-11-14 20:24:48,229 INFO  [Log] Implicit wait applied on the driver for 30 seconds. 
2018-11-14 20:25:20,907 INFO  [Log] Invoke AUT: https://www.webpagetest.org/result/181114_10_208025870f98170c1522baef2dcdfc25/ in chrome browser successfully. 
2018-11-14 20:25:20,910 INFO  [Log] Implicit wait applied on the driver for 30 seconds. 
2018-11-14 20:25:25,407 INFO  [Log] Invoke AUT: https://www.webpagetest.org/result/181114_32_09cbb4d145b3b157a4376c74fa9f485a/ in chrome browser successfully. 
2018-11-14 20:25:25,411 INFO  [Log] Implicit wait applied on the driver for 30 seconds. 
2018-11-14 20:25:29,434 INFO  [Log] Invoke AUT: https://www.webpagetest.org/result/181114_KJ_b55a913e9fda8397968395b23026440e/ in chrome browser successfully. 
2018-11-14 20:25:29,439 INFO  [Log] Implicit wait applied on the driver for 30 seconds. 
2018-11-14 20:25:33,499 INFO  [Log] Invoke AUT: https://www.webpagetest.org/result/181114_AF_a631b7d2b35032504634e621bb199535/ in chrome browser successfully. 
2018-11-14 20:25:33,504 INFO  [Log] Implicit wait applied on the driver for 30 seconds. 
2018-11-14 20:25:37,075 INFO  [Log] Invoke AUT: https://www.webpagetest.org/result/181114_3K_599df2e8c46c8ff8a000492110854be4/ in chrome browser successfully. 
2018-11-14 20:25:37,077 INFO  [Log] Implicit wait applied on the driver for 30 seconds. 
2018-11-14 20:26:20,291 INFO  [Log] Invoke AUT: https://www.webpagetest.org/ in chrome browser successfully. 
2018-11-14 20:26:20,295 INFO  [Log] Implicit wait applied on the driver for 30 seconds. 
2018-11-14 20:27:15,120 INFO  [Log] Invoke AUT: https://www.webpagetest.org/result/181114_10_208025870f98170c1522baef2dcdfc25/ in chrome browser successfully. 
2018-11-14 20:27:15,123 INFO  [Log] Implicit wait applied on the driver for 30 seconds. 
2018-11-14 20:27:19,185 INFO  [Log] Invoke AUT: https://www.webpagetest.org/result/181114_32_09cbb4d145b3b157a4376c74fa9f485a/ in chrome browser successfully. 
2018-11-14 20:27:19,189 INFO  [Log] Implicit wait applied on the driver for 30 seconds. 
2018-11-14 20:27:23,247 INFO  [Log] Invoke AUT: https://www.webpagetest.org/result/181114_KJ_b55a913e9fda8397968395b23026440e/ in chrome browser successfully. 
2018-11-14 20:27:23,250 INFO  [Log] Implicit wait applied on the driver for 30 seconds. 
2018-11-14 20:27:27,312 INFO  [Log] Invoke AUT: https://www.webpagetest.org/result/181114_AF_a631b7d2b35032504634e621bb199535/ in chrome browser successfully. 
2018-11-14 20:27:27,314 INFO  [Log] Implicit wait applied on the driver for 30 seconds. 
2018-11-14 20:27:31,626 INFO  [Log] Invoke AUT: https://www.webpagetest.org/result/181114_3K_599df2e8c46c8ff8a000492110854be4/ in chrome browser successfully. 
2018-11-14 20:27:31,630 INFO  [Log] Implicit wait applied on the driver for 30 seconds. 
2018-11-14 20:27:35,252 INFO  [Log] Invoke AUT: https://www.webpagetest.org/result/181114_A7_94909f5f24384819a5502afc3276e798/ in chrome browser successfully. 
2018-11-14 20:27:35,256 INFO  [Log] Implicit wait applied on the driver for 30 seconds. 
2018-11-14 20:28:31,218 INFO  [Log] Invoke AUT: https://www.webpagetest.org/ in chrome browser successfully. 
2018-11-14 20:28:31,222 INFO  [Log] Implicit wait applied on the driver for 30 seconds. 
2018-11-14 20:29:05,070 INFO  [Log] Invoke AUT: https://www.webpagetest.org/result/181114_10_208025870f98170c1522baef2dcdfc25/ in chrome browser successfully. 
2018-11-14 20:29:05,077 INFO  [Log] Implicit wait applied on the driver for 30 seconds. 
2018-11-14 20:29:09,935 INFO  [Log] Invoke AUT: https://www.webpagetest.org/result/181114_32_09cbb4d145b3b157a4376c74fa9f485a/ in chrome browser successfully. 
2018-11-14 20:29:09,942 INFO  [Log] Implicit wait applied on the driver for 30 seconds. 
2018-11-14 20:29:14,852 INFO  [Log] Invoke AUT: https://www.webpagetest.org/result/181114_KJ_b55a913e9fda8397968395b23026440e/ in chrome browser successfully. 
2018-11-14 20:29:14,855 INFO  [Log] Implicit wait applied on the driver for 30 seconds. 
2018-11-14 20:29:40,063 INFO  [Log] Invoke AUT: https://www.webpagetest.org/result/181114_AF_a631b7d2b35032504634e621bb199535/ in chrome browser successfully. 
2018-11-14 20:29:40,066 INFO  [Log] Implicit wait applied on the driver for 30 seconds. 
2018-11-14 20:29:45,062 INFO  [Log] Invoke AUT: https://www.webpagetest.org/result/181114_3K_599df2e8c46c8ff8a000492110854be4/ in chrome browser successfully. 
2018-11-14 20:29:45,066 INFO  [Log] Implicit wait applied on the driver for 30 seconds. 
2018-11-14 20:29:50,694 INFO  [Log] Invoke AUT: https://www.webpagetest.org/result/181114_A7_94909f5f24384819a5502afc3276e798/ in chrome browser successfully. 
2018-11-14 20:29:50,697 INFO  [Log] Implicit wait applied on the driver for 30 seconds. 
2018-11-14 20:29:55,594 INFO  [Log] Invoke AUT: https://www.webpagetest.org/result/181114_Y4_73182287f3ddde8dd310b83bc259bbc4/ in chrome browser successfully. 
2018-11-14 20:29:55,598 INFO  [Log] Implicit wait applied on the driver for 30 seconds. 
2018-11-14 20:29:59,275 INFO  [Log] Invoke AUT: https://www.webpagetest.org/result/181114_DV_ffb615ceeb8bde6b670cb765a4d5c436/ in chrome browser successfully. 
2018-11-14 20:29:59,278 INFO  [Log] Implicit wait applied on the driver for 30 seconds. 
2018-11-14 20:30:42,847 INFO  [Log] Invoke AUT: https://www.webpagetest.org/ in chrome browser successfully. 
2018-11-14 20:30:42,853 INFO  [Log] Implicit wait applied on the driver for 30 seconds. 
2018-11-14 20:31:17,013 INFO  [Log] Invoke AUT: https://www.webpagetest.org/result/181114_10_208025870f98170c1522baef2dcdfc25/ in chrome browser successfully. 
2018-11-14 20:31:17,016 INFO  [Log] Implicit wait applied on the driver for 30 seconds. 
2018-11-14 20:31:21,240 INFO  [Log] Invoke AUT: https://www.webpagetest.org/result/181114_32_09cbb4d145b3b157a4376c74fa9f485a/ in chrome browser successfully. 
2018-11-14 20:31:21,244 INFO  [Log] Implicit wait applied on the driver for 30 seconds. 
2018-11-14 20:31:25,913 INFO  [Log] Invoke AUT: https://www.webpagetest.org/result/181114_KJ_b55a913e9fda8397968395b23026440e/ in chrome browser successfully. 
2018-11-14 20:31:25,916 INFO  [Log] Implicit wait applied on the driver for 30 seconds. 
2018-11-14 20:31:30,101 INFO  [Log] Invoke AUT: https://www.webpagetest.org/result/181114_AF_a631b7d2b35032504634e621bb199535/ in chrome browser successfully. 
2018-11-14 20:31:30,115 INFO  [Log] Implicit wait applied on the driver for 30 seconds. 
2018-11-14 20:31:34,553 INFO  [Log] Invoke AUT: https://www.webpagetest.org/result/181114_3K_599df2e8c46c8ff8a000492110854be4/ in chrome browser successfully. 
2018-11-14 20:31:34,556 INFO  [Log] Implicit wait applied on the driver for 30 seconds. 
2018-11-14 20:31:38,719 INFO  [Log] Invoke AUT: https://www.webpagetest.org/result/181114_A7_94909f5f24384819a5502afc3276e798/ in chrome browser successfully. 
2018-11-14 20:31:38,723 INFO  [Log] Implicit wait applied on the driver for 30 seconds. 
2018-11-14 20:31:43,169 INFO  [Log] Invoke AUT: https://www.webpagetest.org/result/181114_Y4_73182287f3ddde8dd310b83bc259bbc4/ in chrome browser successfully. 
2018-11-14 20:31:43,173 INFO  [Log] Implicit wait applied on the driver for 30 seconds. 
2018-11-14 20:31:47,182 INFO  [Log] Invoke AUT: https://www.webpagetest.org/result/181114_DV_ffb615ceeb8bde6b670cb765a4d5c436/ in chrome browser successfully. 
2018-11-14 20:31:47,191 INFO  [Log] Implicit wait applied on the driver for 30 seconds. 
2018-11-14 20:31:50,812 INFO  [Log] Invoke AUT: https://www.webpagetest.org/result/181114_EA_5ce2871fa078b045228035594cadf981/ in chrome browser successfully. 
2018-11-14 20:31:50,816 INFO  [Log] Implicit wait applied on the driver for 30 seconds. 
2018-11-15 13:06:33,244 INFO  [Log] Invoke AUT: https://www.webpagetest.org/ in chrome browser successfully. 
2018-11-15 13:06:33,249 INFO  [Log] Implicit wait applied on the driver for 30 seconds. 
2018-11-15 13:07:09,601 INFO  [Log] Invoke AUT: https://www.webpagetest.org/result/181114_10_208025870f98170c1522baef2dcdfc25/ in chrome browser successfully. 
2018-11-15 13:07:09,605 INFO  [Log] Implicit wait applied on the driver for 30 seconds. 
2018-11-15 13:07:14,159 INFO  [Log] Invoke AUT: https://www.webpagetest.org/result/181114_32_09cbb4d145b3b157a4376c74fa9f485a/ in chrome browser successfully. 
2018-11-15 13:07:14,163 INFO  [Log] Implicit wait applied on the driver for 30 seconds. 
2018-11-15 13:07:18,373 INFO  [Log] Invoke AUT: https://www.webpagetest.org/result/181114_KJ_b55a913e9fda8397968395b23026440e/ in chrome browser successfully. 
2018-11-15 13:07:18,377 INFO  [Log] Implicit wait applied on the driver for 30 seconds. 
2018-11-15 13:07:22,370 INFO  [Log] Invoke AUT: https://www.webpagetest.org/result/181114_AF_a631b7d2b35032504634e621bb199535/ in chrome browser successfully. 
2018-11-15 13:07:22,373 INFO  [Log] Implicit wait applied on the driver for 30 seconds. 
2018-11-15 13:07:26,511 INFO  [Log] Invoke AUT: https://www.webpagetest.org/result/181114_3K_599df2e8c46c8ff8a000492110854be4/ in chrome browser successfully. 
2018-11-15 13:07:26,514 INFO  [Log] Implicit wait applied on the driver for 30 seconds. 
2018-11-15 13:07:30,712 INFO  [Log] Invoke AUT: https://www.webpagetest.org/result/181114_A7_94909f5f24384819a5502afc3276e798/ in chrome browser successfully. 
2018-11-15 13:07:30,716 INFO  [Log] Implicit wait applied on the driver for 30 seconds. 
2018-11-15 13:07:34,876 INFO  [Log] Invoke AUT: https://www.webpagetest.org/result/181114_Y4_73182287f3ddde8dd310b83bc259bbc4/ in chrome browser successfully. 
2018-11-15 13:07:34,885 INFO  [Log] Implicit wait applied on the driver for 30 seconds. 
2018-11-15 13:07:39,034 INFO  [Log] Invoke AUT: https://www.webpagetest.org/result/181114_DV_ffb615ceeb8bde6b670cb765a4d5c436/ in chrome browser successfully. 
2018-11-15 13:07:39,039 INFO  [Log] Implicit wait applied on the driver for 30 seconds. 
2018-11-15 13:07:43,198 INFO  [Log] Invoke AUT: https://www.webpagetest.org/result/181114_EA_5ce2871fa078b045228035594cadf981/ in chrome browser successfully. 
2018-11-15 13:07:43,202 INFO  [Log] Implicit wait applied on the driver for 30 seconds. 
2018-11-15 13:07:47,343 INFO  [Log] Invoke AUT: https://www.webpagetest.org/result/181114_DN_b5d5e35d3f86ec43b0263897258ad1b1/ in chrome browser successfully. 
2018-11-15 13:07:47,346 INFO  [Log] Implicit wait applied on the driver for 30 seconds. 
<<<<<<< HEAD
2018-11-15 19:56:21,320 INFO  [Log] Invoke AUT: https://www.webpagetest.org/ in chrome browser successfully. 
2018-11-15 19:56:21,332 INFO  [Log] Implicit wait applied on the driver for 30 seconds. 
2018-11-15 19:56:37,904 INFO  [Log] Invoke AUT: https://www.webpagetest.org/result/181114_10_208025870f98170c1522baef2dcdfc25/ in chrome browser successfully. 
2018-11-15 19:56:37,908 INFO  [Log] Implicit wait applied on the driver for 30 seconds. 
2018-11-15 19:56:42,387 INFO  [Log] Invoke AUT: https://www.webpagetest.org/result/181114_32_09cbb4d145b3b157a4376c74fa9f485a/ in chrome browser successfully. 
2018-11-15 19:56:42,395 INFO  [Log] Implicit wait applied on the driver for 30 seconds. 
2018-11-15 19:56:46,853 INFO  [Log] Invoke AUT: https://www.webpagetest.org/result/181114_KJ_b55a913e9fda8397968395b23026440e/ in chrome browser successfully. 
2018-11-15 19:56:46,857 INFO  [Log] Implicit wait applied on the driver for 30 seconds. 
2018-11-15 19:56:51,256 INFO  [Log] Invoke AUT: https://www.webpagetest.org/result/181114_AF_a631b7d2b35032504634e621bb199535/ in chrome browser successfully. 
2018-11-15 19:56:51,262 INFO  [Log] Implicit wait applied on the driver for 30 seconds. 
2018-11-16 13:56:22,712 INFO  [Log] Invoke AUT: https://gtmetrix.com/ in chrome browser successfully. 
2018-11-16 13:56:22,727 INFO  [Log] Implicit wait applied on the driver for 30 seconds. 
2018-11-16 13:56:25,347 FATAL [Log] Unable to find the given element Log In :org.openqa.selenium.WebDriverException: unknown error: Element <a href="#" class="js-auth-widget-link" rel="login">...</a> is not clickable at point (1387, 41). Other element would receive the click: <h4>...</h4>
  (Session info: chrome=70.0.3538.102)
  (Driver info: chromedriver=2.40.565498 (ea082db3280dd6843ebfb08a625e3eb905c4f5ab),platform=Windows NT 10.0.16299 x86_64) (WARNING: The server did not provide any stacktrace information)
Command duration or timeout: 0 milliseconds
Build info: version: '3.6.0', revision: '6fbf3ec767', time: '2017-09-27T15:28:36.4Z'
System info: host: 'LAPTOP-MUAA0HLQ', ip: '10.10.13.52', os.name: 'Windows 10', os.arch: 'amd64', os.version: '10.0', java.version: '1.8.0_181'
Driver info: org.openqa.selenium.chrome.ChromeDriver
Capabilities [{mobileEmulationEnabled=false, hasTouchScreen=false, platform=XP, acceptSslCerts=false, acceptInsecureCerts=false, webStorageEnabled=true, browserName=chrome, takesScreenshot=true, javascriptEnabled=true, platformName=XP, setWindowRect=true, unexpectedAlertBehaviour=, applicationCacheEnabled=false, rotatable=false, networkConnectionEnabled=false, chrome={chromedriverVersion=2.40.565498 (ea082db3280dd6843ebfb08a625e3eb905c4f5ab), userDataDir=C:\Users\MAHESH~1\AppData\Local\Temp\scoped_dir18112_32074}, takesHeapSnapshot=true, pageLoadStrategy=normal, unhandledPromptBehavior=, databaseEnabled=false, handlesAlerts=true, version=70.0.3538.102, browserConnectionEnabled=false, nativeEvents=true, locationContextEnabled=true, cssSelectorsEnabled=true}]
Session ID: 78866679df6b353d83a9c857843b3498 
2018-11-16 14:03:02,535 INFO  [Log] Invoke AUT: https://gtmetrix.com/ in chrome browser successfully. 
2018-11-16 14:03:02,538 INFO  [Log] Implicit wait applied on the driver for 30 seconds. 
2018-11-16 14:37:07,819 INFO  [Log] Invoke AUT: https://gtmetrix.com/ in chrome browser successfully. 
2018-11-16 14:37:07,822 INFO  [Log] Implicit wait applied on the driver for 30 seconds. 
2018-11-16 14:37:12,759 INFO  [Log] Invoke AUT: https://gtmetrix.com/ in chrome browser successfully. 
2018-11-16 14:37:12,763 INFO  [Log] Implicit wait applied on the driver for 30 seconds. 
2018-11-16 14:37:16,878 INFO  [Log] Invoke AUT: https://gtmetrix.com/ in chrome browser successfully. 
2018-11-16 14:37:16,881 INFO  [Log] Implicit wait applied on the driver for 30 seconds. 
2018-11-16 14:37:20,875 INFO  [Log] Invoke AUT: https://gtmetrix.com/ in chrome browser successfully. 
2018-11-16 14:37:20,878 INFO  [Log] Implicit wait applied on the driver for 30 seconds. 
2018-11-16 14:37:24,892 INFO  [Log] Invoke AUT: https://gtmetrix.com/ in chrome browser successfully. 
2018-11-16 14:37:24,895 INFO  [Log] Implicit wait applied on the driver for 30 seconds. 
2018-11-16 14:37:28,892 INFO  [Log] Invoke AUT: https://gtmetrix.com/ in chrome browser successfully. 
2018-11-16 14:37:28,894 INFO  [Log] Implicit wait applied on the driver for 30 seconds. 
2018-11-16 14:37:33,301 INFO  [Log] Invoke AUT: https://gtmetrix.com/ in chrome browser successfully. 
2018-11-16 14:37:33,304 INFO  [Log] Implicit wait applied on the driver for 30 seconds. 
2018-11-16 14:37:37,791 INFO  [Log] Invoke AUT: https://gtmetrix.com/ in chrome browser successfully. 
2018-11-16 14:37:37,795 INFO  [Log] Implicit wait applied on the driver for 30 seconds. 
2018-11-16 14:37:42,219 INFO  [Log] Invoke AUT: https://gtmetrix.com/ in chrome browser successfully. 
2018-11-16 14:37:42,221 INFO  [Log] Implicit wait applied on the driver for 30 seconds. 
2018-11-16 14:37:46,204 INFO  [Log] Invoke AUT: https://gtmetrix.com/ in chrome browser successfully. 
2018-11-16 14:37:46,206 INFO  [Log] Implicit wait applied on the driver for 30 seconds. 
2018-11-16 14:37:50,596 INFO  [Log] Invoke AUT: https://gtmetrix.com/ in chrome browser successfully. 
2018-11-16 14:37:50,599 INFO  [Log] Implicit wait applied on the driver for 30 seconds. 
2018-11-16 14:38:24,174 FATAL [Log] Unable to find the given element Logout :org.openqa.selenium.TimeoutException: Expected condition failed: waiting for visibility of element located by By.linkText: Logout (tried for 30 second(s) with 500 MILLISECONDS interval) 
2018-11-16 14:40:08,216 INFO  [Log] Invoke AUT: https://gtmetrix.com/ in chrome browser successfully. 
2018-11-16 14:40:08,219 INFO  [Log] Implicit wait applied on the driver for 30 seconds. 
2018-11-16 14:40:13,383 INFO  [Log] Invoke AUT: https://gtmetrix.com/ in chrome browser successfully. 
2018-11-16 14:40:13,388 INFO  [Log] Implicit wait applied on the driver for 30 seconds. 
2018-11-16 14:40:17,746 INFO  [Log] Invoke AUT: https://gtmetrix.com/ in chrome browser successfully. 
2018-11-16 14:40:17,750 INFO  [Log] Implicit wait applied on the driver for 30 seconds. 
2018-11-16 14:40:21,898 INFO  [Log] Invoke AUT: https://gtmetrix.com/ in chrome browser successfully. 
2018-11-16 14:40:21,901 INFO  [Log] Implicit wait applied on the driver for 30 seconds. 
2018-11-16 14:40:26,015 INFO  [Log] Invoke AUT: https://gtmetrix.com/ in chrome browser successfully. 
2018-11-16 14:40:26,018 INFO  [Log] Implicit wait applied on the driver for 30 seconds. 
2018-11-16 14:40:30,167 INFO  [Log] Invoke AUT: https://gtmetrix.com/ in chrome browser successfully. 
2018-11-16 14:40:30,173 INFO  [Log] Implicit wait applied on the driver for 30 seconds. 
2018-11-16 14:40:34,748 INFO  [Log] Invoke AUT: https://gtmetrix.com/ in chrome browser successfully. 
2018-11-16 14:40:34,753 INFO  [Log] Implicit wait applied on the driver for 30 seconds. 
2018-11-16 14:40:39,868 INFO  [Log] Invoke AUT: https://gtmetrix.com/ in chrome browser successfully. 
2018-11-16 14:40:39,871 INFO  [Log] Implicit wait applied on the driver for 30 seconds. 
2018-11-16 14:40:44,379 INFO  [Log] Invoke AUT: https://gtmetrix.com/ in chrome browser successfully. 
2018-11-16 14:40:44,382 INFO  [Log] Implicit wait applied on the driver for 30 seconds. 
2018-11-16 14:40:48,487 INFO  [Log] Invoke AUT: https://gtmetrix.com/ in chrome browser successfully. 
2018-11-16 14:40:48,491 INFO  [Log] Implicit wait applied on the driver for 30 seconds. 
2018-11-16 14:40:52,576 INFO  [Log] Invoke AUT: https://gtmetrix.com/ in chrome browser successfully. 
2018-11-16 14:40:52,578 INFO  [Log] Implicit wait applied on the driver for 30 seconds. 
2018-11-16 14:41:26,278 FATAL [Log] Unable to find the given element Logout :org.openqa.selenium.TimeoutException: Expected condition failed: waiting for visibility of element located by By.linkText: Logout (tried for 30 second(s) with 500 MILLISECONDS interval) 
2018-11-16 15:09:57,583 INFO  [Log] Invoke AUT: https://gtmetrix.com/ in chrome browser successfully. 
2018-11-16 15:09:57,588 INFO  [Log] Implicit wait applied on the driver for 30 seconds. 
2018-11-16 15:10:03,518 INFO  [Log] Invoke AUT: https://gtmetrix.com/ in chrome browser successfully. 
2018-11-16 15:10:03,521 INFO  [Log] Implicit wait applied on the driver for 30 seconds. 
2018-11-16 15:10:07,728 INFO  [Log] Invoke AUT: https://gtmetrix.com/ in chrome browser successfully. 
2018-11-16 15:10:07,730 INFO  [Log] Implicit wait applied on the driver for 30 seconds. 
2018-11-16 15:10:12,245 INFO  [Log] Invoke AUT: https://gtmetrix.com/ in chrome browser successfully. 
2018-11-16 15:10:12,248 INFO  [Log] Implicit wait applied on the driver for 30 seconds. 
2018-11-16 15:10:16,337 INFO  [Log] Invoke AUT: https://gtmetrix.com/ in chrome browser successfully. 
2018-11-16 15:10:16,339 INFO  [Log] Implicit wait applied on the driver for 30 seconds. 
2018-11-16 15:10:20,452 INFO  [Log] Invoke AUT: https://gtmetrix.com/ in chrome browser successfully. 
2018-11-16 15:10:20,454 INFO  [Log] Implicit wait applied on the driver for 30 seconds. 
2018-11-16 15:10:24,981 INFO  [Log] Invoke AUT: https://gtmetrix.com/ in chrome browser successfully. 
2018-11-16 15:10:24,983 INFO  [Log] Implicit wait applied on the driver for 30 seconds. 
2018-11-16 15:10:29,542 INFO  [Log] Invoke AUT: https://gtmetrix.com/ in chrome browser successfully. 
2018-11-16 15:10:29,544 INFO  [Log] Implicit wait applied on the driver for 30 seconds. 
2018-11-16 15:10:34,178 INFO  [Log] Invoke AUT: https://gtmetrix.com/ in chrome browser successfully. 
2018-11-16 15:10:34,181 INFO  [Log] Implicit wait applied on the driver for 30 seconds. 
2018-11-16 15:10:38,648 INFO  [Log] Invoke AUT: https://gtmetrix.com/ in chrome browser successfully. 
2018-11-16 15:10:38,652 INFO  [Log] Implicit wait applied on the driver for 30 seconds. 
2018-11-16 15:10:43,249 INFO  [Log] Invoke AUT: https://gtmetrix.com/ in chrome browser successfully. 
2018-11-16 15:10:43,252 INFO  [Log] Implicit wait applied on the driver for 30 seconds. 
2018-11-16 15:11:53,666 INFO  [Log] Invoke AUT: https://gtmetrix.com/ in chrome browser successfully. 
2018-11-16 15:11:53,678 INFO  [Log] Implicit wait applied on the driver for 30 seconds. 
2018-11-16 15:11:58,863 INFO  [Log] Invoke AUT: https://gtmetrix.com/ in chrome browser successfully. 
2018-11-16 15:11:58,868 INFO  [Log] Implicit wait applied on the driver for 30 seconds. 
2018-11-16 15:12:04,165 INFO  [Log] Invoke AUT: https://gtmetrix.com/ in chrome browser successfully. 
2018-11-16 15:12:04,175 INFO  [Log] Implicit wait applied on the driver for 30 seconds. 
2018-11-16 15:12:08,434 INFO  [Log] Invoke AUT: https://gtmetrix.com/ in chrome browser successfully. 
2018-11-16 15:12:08,438 INFO  [Log] Implicit wait applied on the driver for 30 seconds. 
2018-11-16 15:12:12,752 INFO  [Log] Invoke AUT: https://gtmetrix.com/ in chrome browser successfully. 
2018-11-16 15:12:12,760 INFO  [Log] Implicit wait applied on the driver for 30 seconds. 
2018-11-16 15:12:17,018 INFO  [Log] Invoke AUT: https://gtmetrix.com/ in chrome browser successfully. 
2018-11-16 15:12:17,022 INFO  [Log] Implicit wait applied on the driver for 30 seconds. 
2018-11-16 15:12:21,748 INFO  [Log] Invoke AUT: https://gtmetrix.com/ in chrome browser successfully. 
2018-11-16 15:12:21,752 INFO  [Log] Implicit wait applied on the driver for 30 seconds. 
2018-11-16 15:12:26,427 INFO  [Log] Invoke AUT: https://gtmetrix.com/ in chrome browser successfully. 
2018-11-16 15:12:26,431 INFO  [Log] Implicit wait applied on the driver for 30 seconds. 
2018-11-16 15:12:31,058 INFO  [Log] Invoke AUT: https://gtmetrix.com/ in chrome browser successfully. 
2018-11-16 15:12:31,062 INFO  [Log] Implicit wait applied on the driver for 30 seconds. 
2018-11-16 15:12:35,720 INFO  [Log] Invoke AUT: https://gtmetrix.com/ in chrome browser successfully. 
2018-11-16 15:12:35,728 INFO  [Log] Implicit wait applied on the driver for 30 seconds. 
2018-11-16 15:12:40,080 INFO  [Log] Invoke AUT: https://gtmetrix.com/ in chrome browser successfully. 
2018-11-16 15:12:40,084 INFO  [Log] Implicit wait applied on the driver for 30 seconds. 
2018-11-16 15:13:13,857 FATAL [Log] Unable to find the given element Logout :org.openqa.selenium.TimeoutException: Expected condition failed: waiting for visibility of element located by By.linkText: Logout (tried for 30 second(s) with 500 MILLISECONDS interval) 
2018-11-16 15:22:51,325 INFO  [Log] Invoke AUT: https://gtmetrix.com/ in chrome browser successfully. 
2018-11-16 15:22:51,333 INFO  [Log] Implicit wait applied on the driver for 30 seconds. 
2018-11-16 15:22:56,485 INFO  [Log] Invoke AUT: https://gtmetrix.com/ in chrome browser successfully. 
2018-11-16 15:22:56,489 INFO  [Log] Implicit wait applied on the driver for 30 seconds. 
2018-11-16 15:23:00,673 INFO  [Log] Invoke AUT: https://gtmetrix.com/ in chrome browser successfully. 
2018-11-16 15:23:00,677 INFO  [Log] Implicit wait applied on the driver for 30 seconds. 
2018-11-16 15:23:04,971 INFO  [Log] Invoke AUT: https://gtmetrix.com/ in chrome browser successfully. 
2018-11-16 15:23:04,975 INFO  [Log] Implicit wait applied on the driver for 30 seconds. 
2018-11-16 15:23:09,143 INFO  [Log] Invoke AUT: https://gtmetrix.com/ in chrome browser successfully. 
2018-11-16 15:23:09,147 INFO  [Log] Implicit wait applied on the driver for 30 seconds. 
2018-11-16 15:46:28,234 INFO  [Log] Invoke AUT: https://gtmetrix.com/ in chrome browser successfully. 
2018-11-16 15:46:28,238 INFO  [Log] Implicit wait applied on the driver for 30 seconds. 
2018-11-16 15:46:33,662 INFO  [Log] Invoke AUT: https://gtmetrix.com/ in chrome browser successfully. 
2018-11-16 15:46:33,666 INFO  [Log] Implicit wait applied on the driver for 30 seconds. 
2018-11-16 15:47:34,935 INFO  [Log] Invoke AUT: https://gtmetrix.com/ in chrome browser successfully. 
2018-11-16 15:47:34,939 INFO  [Log] Implicit wait applied on the driver for 30 seconds. 
2018-11-16 15:48:31,111 INFO  [Log] Invoke AUT: https://gtmetrix.com/ in chrome browser successfully. 
2018-11-16 15:48:31,118 INFO  [Log] Implicit wait applied on the driver for 30 seconds. 
2018-11-16 15:48:37,698 INFO  [Log] Invoke AUT: https://gtmetrix.com/ in chrome browser successfully. 
2018-11-16 15:48:37,702 INFO  [Log] Implicit wait applied on the driver for 30 seconds. 
2018-11-16 15:49:39,162 INFO  [Log] Invoke AUT: https://gtmetrix.com/ in chrome browser successfully. 
2018-11-16 15:49:39,166 INFO  [Log] Implicit wait applied on the driver for 30 seconds. 
2018-11-16 15:50:40,632 INFO  [Log] Invoke AUT: https://gtmetrix.com/ in chrome browser successfully. 
2018-11-16 15:50:40,636 INFO  [Log] Implicit wait applied on the driver for 30 seconds. 
2018-11-16 15:51:43,436 INFO  [Log] Invoke AUT: https://gtmetrix.com/ in chrome browser successfully. 
2018-11-16 15:51:43,440 INFO  [Log] Implicit wait applied on the driver for 30 seconds. 
2018-11-16 15:55:25,473 INFO  [Log] Invoke AUT: https://gtmetrix.com/ in chrome browser successfully. 
2018-11-16 15:55:25,481 INFO  [Log] Implicit wait applied on the driver for 30 seconds. 
2018-11-16 15:55:30,805 INFO  [Log] Invoke AUT: https://gtmetrix.com/ in chrome browser successfully. 
2018-11-16 15:55:30,811 INFO  [Log] Implicit wait applied on the driver for 30 seconds. 
2018-11-16 15:56:33,616 INFO  [Log] Invoke AUT: https://gtmetrix.com/ in chrome browser successfully. 
2018-11-16 15:56:33,620 INFO  [Log] Implicit wait applied on the driver for 30 seconds. 
2018-11-16 15:57:35,848 INFO  [Log] Invoke AUT: https://gtmetrix.com/ in chrome browser successfully. 
2018-11-16 15:57:35,852 INFO  [Log] Implicit wait applied on the driver for 30 seconds. 
2018-11-16 15:58:38,753 INFO  [Log] Invoke AUT: https://gtmetrix.com/ in chrome browser successfully. 
2018-11-16 15:58:38,760 INFO  [Log] Implicit wait applied on the driver for 30 seconds. 
2018-11-16 15:59:41,806 INFO  [Log] Invoke AUT: https://gtmetrix.com/ in chrome browser successfully. 
2018-11-16 15:59:41,810 INFO  [Log] Implicit wait applied on the driver for 30 seconds. 
2018-11-16 16:00:43,859 INFO  [Log] Invoke AUT: https://gtmetrix.com/ in chrome browser successfully. 
2018-11-16 16:00:43,867 INFO  [Log] Implicit wait applied on the driver for 30 seconds. 
2018-11-16 16:01:46,470 INFO  [Log] Invoke AUT: https://gtmetrix.com/ in chrome browser successfully. 
2018-11-16 16:01:46,474 INFO  [Log] Implicit wait applied on the driver for 30 seconds. 
2018-11-16 16:02:50,692 INFO  [Log] Invoke AUT: https://gtmetrix.com/ in chrome browser successfully. 
2018-11-16 16:02:50,696 INFO  [Log] Implicit wait applied on the driver for 30 seconds. 
2018-11-16 16:04:02,535 INFO  [Log] Invoke AUT: https://gtmetrix.com/ in chrome browser successfully. 
2018-11-16 16:04:02,543 INFO  [Log] Implicit wait applied on the driver for 30 seconds. 
2018-11-16 16:05:03,833 INFO  [Log] Invoke AUT: https://gtmetrix.com/ in chrome browser successfully. 
2018-11-16 16:05:03,837 INFO  [Log] Implicit wait applied on the driver for 30 seconds. 
2018-11-16 16:06:34,731 FATAL [Log] Unable to find the given element Logout :org.openqa.selenium.TimeoutException: Expected condition failed: waiting for visibility of element located by By.linkText: Logout (tried for 30 second(s) with 500 MILLISECONDS interval) 
=======
2018-11-15 18:03:09,299 INFO  [Log] Invoke AUT: https://developers.google.com/speed/pagespeed/insights/ in chrome browser successfully. 
2018-11-15 18:03:09,304 INFO  [Log] Implicit wait applied on the driver for 30 seconds. 
2018-11-15 18:03:39,919 FATAL [Log] Unable to find the given element Login with Google :org.openqa.selenium.TimeoutException: Expected condition failed: waiting for visibility of element located by By.linkText: Login with Google (tried for 30 second(s) with 500 MILLISECONDS interval) 
2018-11-15 18:03:51,205 FATAL [Log] Unable to find the given element identifierId :org.openqa.selenium.TimeoutException: Expected condition failed: waiting for visibility of element located by By.id: identifierId (tried for 10 second(s) with 500 MILLISECONDS interval) 
2018-11-15 18:04:02,449 FATAL [Log] Unable to find the given element identifierNext :org.openqa.selenium.TimeoutException: Expected condition failed: waiting for visibility of element located by By.id: identifierNext (tried for 10 second(s) with 500 MILLISECONDS interval) 
2018-11-15 18:04:14,657 FATAL [Log] Unable to find the given element //input[@type='password'] :org.openqa.selenium.TimeoutException: Expected condition failed: waiting for visibility of element located by By.xpath: //input[@type='password'] (tried for 10 second(s) with 500 MILLISECONDS interval) 
2018-11-15 18:04:25,909 FATAL [Log] Unable to find the given element passwordNext :org.openqa.selenium.TimeoutException: Expected condition failed: waiting for visibility of element located by By.id: passwordNext (tried for 10 second(s) with 500 MILLISECONDS interval) 
2018-11-15 18:04:28,016 FATAL [Log] Unable to launch the application Desktop in the chrome browser. org.openqa.selenium.NoSuchWindowException: no such window: target window already closed
from unknown error: web view not found
  (Session info: chrome=70.0.3538.102)
  (Driver info: chromedriver=2.40.565498 (ea082db3280dd6843ebfb08a625e3eb905c4f5ab),platform=Windows NT 10.0.17134 x86_64) (WARNING: The server did not provide any stacktrace information)
Command duration or timeout: 0 milliseconds
Build info: version: '3.6.0', revision: '6fbf3ec767', time: '2017-09-27T15:28:36.4Z'
System info: host: '472-MANIKAPRABU', ip: '10.10.5.64', os.name: 'Windows 10', os.arch: 'amd64', os.version: '10.0', java.version: '1.8.0_191'
Driver info: org.openqa.selenium.chrome.ChromeDriver
Capabilities [{mobileEmulationEnabled=false, hasTouchScreen=false, platform=XP, acceptSslCerts=false, acceptInsecureCerts=false, webStorageEnabled=true, browserName=chrome, takesScreenshot=true, javascriptEnabled=true, platformName=XP, setWindowRect=true, unexpectedAlertBehaviour=, applicationCacheEnabled=false, rotatable=false, networkConnectionEnabled=false, chrome={chromedriverVersion=2.40.565498 (ea082db3280dd6843ebfb08a625e3eb905c4f5ab), userDataDir=C:\Users\HP\AppData\Local\Temp\scoped_dir19420_31368}, takesHeapSnapshot=true, pageLoadStrategy=normal, unhandledPromptBehavior=, databaseEnabled=false, handlesAlerts=true, version=70.0.3538.102, browserConnectionEnabled=false, nativeEvents=true, locationContextEnabled=true, cssSelectorsEnabled=true}]
Session ID: a4a91878c4c13f36d79a29a612a10221 
2018-11-15 18:12:01,610 INFO  [Log] Invoke AUT: https://developers.google.com/speed/pagespeed/insights/ in chrome browser successfully. 
2018-11-15 18:12:01,616 INFO  [Log] Implicit wait applied on the driver for 30 seconds. 
2018-11-15 18:12:31,842 FATAL [Log] Unable to find the given element Login with Google :org.openqa.selenium.TimeoutException: Expected condition failed: waiting for visibility of element located by By.linkText: Login with Google (tried for 30 second(s) with 500 MILLISECONDS interval) 
2018-11-15 18:13:02,924 FATAL [Log] Unable to find the given element identifierId :org.openqa.selenium.TimeoutException: Expected condition failed: waiting for visibility of element located by By.id: identifierId (tried for 10 second(s) with 500 MILLISECONDS interval) 
2018-11-15 18:13:33,991 FATAL [Log] Unable to find the given element identifierNext :org.openqa.selenium.TimeoutException: Expected condition failed: waiting for visibility of element located by By.id: identifierNext (tried for 10 second(s) with 500 MILLISECONDS interval) 
2018-11-15 18:14:06,104 FATAL [Log] Unable to find the given element //input[@type='password'] :org.openqa.selenium.TimeoutException: Expected condition failed: waiting for visibility of element located by By.xpath: //input[@type='password'] (tried for 10 second(s) with 500 MILLISECONDS interval) 
2018-11-15 18:14:34,732 INFO  [Log] Invoke AUT: https://developers.google.com/speed/pagespeed/insights/ in chrome browser successfully. 
2018-11-15 18:14:34,737 INFO  [Log] Implicit wait applied on the driver for 30 seconds. 
2018-11-15 18:14:37,296 FATAL [Log] Unable to find the given element passwordNext :org.openqa.selenium.TimeoutException: Expected condition failed: waiting for visibility of element located by By.id: passwordNext (tried for 10 second(s) with 500 MILLISECONDS interval) 
2018-11-15 18:14:39,701 INFO  [Log] Invoke AUT: https://developers.google.com/speed/pagespeed/insights/ in chrome browser successfully. 
2018-11-15 18:14:39,705 INFO  [Log] Implicit wait applied on the driver for 30 seconds. 
2018-11-15 18:15:04,850 FATAL [Log] Unable to find the given element Login with Google :org.openqa.selenium.TimeoutException: Expected condition failed: waiting for visibility of element located by By.linkText: Login with Google (tried for 30 second(s) with 500 MILLISECONDS interval) 
2018-11-15 18:15:09,903 FATAL [Log] Unable to find the given element //div[@class='button button-red analyze jfk-button main-submit jfk-button-standard'] :org.openqa.selenium.TimeoutException: Expected condition failed: waiting for visibility of element located by By.xpath: //div[@class='button button-red analyze jfk-button main-submit jfk-button-standard'] (tried for 10 second(s) with 500 MILLISECONDS interval) 
2018-11-15 18:15:35,889 FATAL [Log] Unable to find the given element identifierId :org.openqa.selenium.TimeoutException: Expected condition failed: waiting for visibility of element located by By.id: identifierId (tried for 10 second(s) with 500 MILLISECONDS interval) 
2018-11-15 18:16:06,938 FATAL [Log] Unable to find the given element identifierNext :org.openqa.selenium.TimeoutException: Expected condition failed: waiting for visibility of element located by By.id: identifierNext (tried for 10 second(s) with 500 MILLISECONDS interval) 
2018-11-15 18:16:39,040 FATAL [Log] Unable to find the given element //input[@type='password'] :org.openqa.selenium.TimeoutException: Expected condition failed: waiting for visibility of element located by By.xpath: //input[@type='password'] (tried for 10 second(s) with 500 MILLISECONDS interval) 
2018-11-15 18:16:40,224 INFO  [Log] Invoke AUT: https://developers.google.com/speed/pagespeed/insights/ in chrome browser successfully. 
2018-11-15 18:16:40,235 INFO  [Log] Implicit wait applied on the driver for 30 seconds. 
2018-11-15 18:17:10,083 FATAL [Log] Unable to find the given element passwordNext :org.openqa.selenium.TimeoutException: Expected condition failed: waiting for visibility of element located by By.id: passwordNext (tried for 10 second(s) with 500 MILLISECONDS interval) 
2018-11-15 18:17:10,726 FATAL [Log] Unable to find the given element //div[@class='button button-red analyze jfk-button main-submit jfk-button-standard'] :org.openqa.selenium.TimeoutException: Expected condition failed: waiting for visibility of element located by By.xpath: //div[@class='button button-red analyze jfk-button main-submit jfk-button-standard'] (tried for 10 second(s) with 500 MILLISECONDS interval) 
2018-11-15 18:17:12,468 INFO  [Log] Invoke AUT: https://developers.google.com/speed/pagespeed/insights/ in chrome browser successfully. 
2018-11-15 18:17:12,474 INFO  [Log] Implicit wait applied on the driver for 30 seconds. 
2018-11-15 18:17:27,603 FATAL [Log] Unable to find the given element //div[@class='button button-red analyze jfk-button main-submit jfk-button-standard'] :org.openqa.selenium.TimeoutException: Expected condition failed: waiting for visibility of element located by By.xpath: //div[@class='button button-red analyze jfk-button main-submit jfk-button-standard'] (tried for 10 second(s) with 500 MILLISECONDS interval) 
2018-11-15 18:22:30,877 INFO  [Log] Invoke AUT: https://developers.google.com/speed/pagespeed/insights/ in chrome browser successfully. 
2018-11-15 18:22:30,890 INFO  [Log] Implicit wait applied on the driver for 30 seconds. 
2018-11-15 18:26:47,758 INFO  [Log] Invoke AUT: https://developers.google.com/speed/pagespeed/insights/ in chrome browser successfully. 
2018-11-15 18:26:47,764 INFO  [Log] Implicit wait applied on the driver for 30 seconds. 
2018-11-15 18:27:11,459 INFO  [Log] Invoke AUT: https://developers.google.com/speed/pagespeed/insights/ in chrome browser successfully. 
2018-11-15 18:27:11,465 INFO  [Log] Implicit wait applied on the driver for 30 seconds. 
2018-11-15 18:27:31,208 INFO  [Log] Invoke AUT: https://developers.google.com/speed/pagespeed/insights/ in chrome browser successfully. 
2018-11-15 18:27:31,212 INFO  [Log] Implicit wait applied on the driver for 30 seconds. 
2018-11-15 19:25:39,665 INFO  [Log] Invoke AUT: https://developers.google.com/speed/pagespeed/insights/ in chrome browser successfully. 
2018-11-15 19:25:39,669 INFO  [Log] Implicit wait applied on the driver for 30 seconds. 
2018-11-15 19:27:25,302 INFO  [Log] Invoke AUT: https://developers.google.com/speed/pagespeed/insights/ in chrome browser successfully. 
2018-11-15 19:27:25,311 INFO  [Log] Implicit wait applied on the driver for 30 seconds. 
2018-11-15 19:43:40,794 INFO  [Log] Invoke AUT: https://developers.google.com/speed/pagespeed/insights/ in chrome browser successfully. 
2018-11-15 19:43:40,799 INFO  [Log] Implicit wait applied on the driver for 30 seconds. 
2018-11-15 19:46:25,486 INFO  [Log] Invoke AUT: https://developers.google.com/speed/pagespeed/insights/ in chrome browser successfully. 
2018-11-15 19:46:25,490 INFO  [Log] Implicit wait applied on the driver for 30 seconds. 
2018-11-15 19:46:45,500 INFO  [Log] Invoke AUT: https://developers.google.com/speed/pagespeed/insights/ in chrome browser successfully. 
2018-11-15 19:46:45,504 INFO  [Log] Implicit wait applied on the driver for 30 seconds. 
2018-11-15 19:46:57,815 INFO  [Log] Invoke AUT: https://developers.google.com/speed/pagespeed/insights/ in chrome browser successfully. 
2018-11-15 19:46:57,818 INFO  [Log] Implicit wait applied on the driver for 30 seconds. 
2018-11-15 19:47:16,993 INFO  [Log] Invoke AUT: https://developers.google.com/speed/pagespeed/insights/ in chrome browser successfully. 
2018-11-15 19:47:16,997 INFO  [Log] Implicit wait applied on the driver for 30 seconds. 
2018-11-15 19:47:47,308 FATAL [Log] Unable to find the given element //div[@class='button button-red analyze jfk-button main-submit jfk-button-standard'] :org.openqa.selenium.TimeoutException: Expected condition failed: waiting for visibility of element located by By.xpath: //div[@class='button button-red analyze jfk-button main-submit jfk-button-standard'] (tried for 10 second(s) with 500 MILLISECONDS interval) 
2018-11-15 19:50:45,309 INFO  [Log] Invoke AUT: https://developers.google.com/speed/pagespeed/insights/ in chrome browser successfully. 
2018-11-15 19:50:45,314 INFO  [Log] Implicit wait applied on the driver for 30 seconds. 
2018-11-15 19:51:04,524 INFO  [Log] Invoke AUT: https://developers.google.com/speed/pagespeed/insights/ in chrome browser successfully. 
2018-11-15 19:51:04,528 INFO  [Log] Implicit wait applied on the driver for 30 seconds. 
2018-11-15 19:51:15,971 INFO  [Log] Invoke AUT: https://developers.google.com/speed/pagespeed/insights/ in chrome browser successfully. 
2018-11-15 19:51:15,975 INFO  [Log] Implicit wait applied on the driver for 30 seconds. 
2018-11-15 19:51:33,865 INFO  [Log] Invoke AUT: https://developers.google.com/speed/pagespeed/insights/ in chrome browser successfully. 
2018-11-15 19:51:33,869 INFO  [Log] Implicit wait applied on the driver for 30 seconds. 
2018-11-15 19:52:04,179 FATAL [Log] Unable to find the given element //div[@class='button button-red analyze jfk-button main-submit jfk-button-standard'] :org.openqa.selenium.TimeoutException: Expected condition failed: waiting for visibility of element located by By.xpath: //div[@class='button button-red analyze jfk-button main-submit jfk-button-standard'] (tried for 10 second(s) with 500 MILLISECONDS interval) 
2018-11-15 19:55:16,981 INFO  [Log] Invoke AUT: https://developers.google.com/speed/pagespeed/insights/ in chrome browser successfully. 
2018-11-15 19:55:16,987 INFO  [Log] Implicit wait applied on the driver for 30 seconds. 
2018-11-15 19:55:34,955 INFO  [Log] Invoke AUT: https://developers.google.com/speed/pagespeed/insights/ in chrome browser successfully. 
2018-11-15 19:55:34,959 INFO  [Log] Implicit wait applied on the driver for 30 seconds. 
2018-11-15 19:55:48,339 INFO  [Log] Invoke AUT: https://developers.google.com/speed/pagespeed/insights/ in chrome browser successfully. 
2018-11-15 19:55:48,343 INFO  [Log] Implicit wait applied on the driver for 30 seconds. 
2018-11-15 19:56:03,180 INFO  [Log] Invoke AUT: https://developers.google.com/speed/pagespeed/insights/ in chrome browser successfully. 
2018-11-15 19:56:03,185 INFO  [Log] Implicit wait applied on the driver for 30 seconds. 
2018-11-15 19:56:33,624 FATAL [Log] Unable to find the given element //div[@class='button button-red analyze jfk-button main-submit jfk-button-standard'] :org.openqa.selenium.TimeoutException: Expected condition failed: waiting for visibility of element located by By.xpath: //div[@class='button button-red analyze jfk-button main-submit jfk-button-standard'] (tried for 10 second(s) with 500 MILLISECONDS interval) 
2018-11-15 19:58:35,796 INFO  [Log] Invoke AUT: https://developers.google.com/speed/pagespeed/insights/ in chrome browser successfully. 
2018-11-15 19:58:35,800 INFO  [Log] Implicit wait applied on the driver for 30 seconds. 
2018-11-15 19:58:55,010 INFO  [Log] Invoke AUT: https://developers.google.com/speed/pagespeed/insights/ in chrome browser successfully. 
2018-11-15 19:58:55,017 INFO  [Log] Implicit wait applied on the driver for 30 seconds. 
2018-11-15 19:59:10,416 INFO  [Log] Invoke AUT: https://developers.google.com/speed/pagespeed/insights/ in chrome browser successfully. 
2018-11-15 19:59:10,419 INFO  [Log] Implicit wait applied on the driver for 30 seconds. 
2018-11-15 19:59:28,822 INFO  [Log] Invoke AUT: https://developers.google.com/speed/pagespeed/insights/ in chrome browser successfully. 
2018-11-15 19:59:28,825 INFO  [Log] Implicit wait applied on the driver for 30 seconds. 
2018-11-15 19:59:54,835 INFO  [Log] Invoke AUT: https://developers.google.com/speed/pagespeed/insights/ in chrome browser successfully. 
2018-11-15 19:59:54,845 INFO  [Log] Implicit wait applied on the driver for 30 seconds. 
2018-11-15 20:00:25,394 FATAL [Log] Unable to find the given element //div[@class='button button-red analyze jfk-button main-submit jfk-button-standard'] :org.openqa.selenium.TimeoutException: Expected condition failed: waiting for visibility of element located by By.xpath: //div[@class='button button-red analyze jfk-button main-submit jfk-button-standard'] (tried for 10 second(s) with 500 MILLISECONDS interval) 
2018-11-15 20:05:16,972 INFO  [Log] Invoke AUT: https://developers.google.com/speed/pagespeed/insights/ in chrome browser successfully. 
2018-11-15 20:05:16,978 INFO  [Log] Implicit wait applied on the driver for 30 seconds. 
2018-11-15 20:05:36,689 INFO  [Log] Invoke AUT: https://developers.google.com/speed/pagespeed/insights/ in chrome browser successfully. 
2018-11-15 20:05:36,698 INFO  [Log] Implicit wait applied on the driver for 30 seconds. 
2018-11-15 20:05:50,094 INFO  [Log] Invoke AUT: https://developers.google.com/speed/pagespeed/insights/ in chrome browser successfully. 
2018-11-15 20:05:50,101 INFO  [Log] Implicit wait applied on the driver for 30 seconds. 
2018-11-15 20:06:05,639 INFO  [Log] Invoke AUT: https://developers.google.com/speed/pagespeed/insights/ in chrome browser successfully. 
2018-11-15 20:06:05,643 INFO  [Log] Implicit wait applied on the driver for 30 seconds. 
2018-11-15 20:06:30,153 INFO  [Log] Invoke AUT: https://developers.google.com/speed/pagespeed/insights/ in chrome browser successfully. 
2018-11-15 20:06:30,155 INFO  [Log] Implicit wait applied on the driver for 30 seconds. 
2018-11-15 20:06:46,584 INFO  [Log] Invoke AUT: https://developers.google.com/speed/pagespeed/insights/ in chrome browser successfully. 
2018-11-15 20:06:46,589 INFO  [Log] Implicit wait applied on the driver for 30 seconds. 
2018-11-15 20:07:04,194 INFO  [Log] Invoke AUT: https://developers.google.com/speed/pagespeed/insights/ in chrome browser successfully. 
2018-11-15 20:07:04,203 INFO  [Log] Implicit wait applied on the driver for 30 seconds. 
2018-11-15 20:07:34,558 FATAL [Log] Unable to find the given element //div[@class='button button-red analyze jfk-button main-submit jfk-button-standard'] :org.openqa.selenium.TimeoutException: Expected condition failed: waiting for visibility of element located by By.xpath: //div[@class='button button-red analyze jfk-button main-submit jfk-button-standard'] (tried for 10 second(s) with 500 MILLISECONDS interval) 
2018-11-15 20:10:45,089 INFO  [Log] Invoke AUT: https://developers.google.com/speed/pagespeed/insights/ in chrome browser successfully. 
2018-11-15 20:10:45,094 INFO  [Log] Implicit wait applied on the driver for 30 seconds. 
2018-11-15 20:11:03,999 INFO  [Log] Invoke AUT: https://developers.google.com/speed/pagespeed/insights/ in chrome browser successfully. 
2018-11-15 20:11:04,005 INFO  [Log] Implicit wait applied on the driver for 30 seconds. 
2018-11-15 20:11:16,573 INFO  [Log] Invoke AUT: https://developers.google.com/speed/pagespeed/insights/ in chrome browser successfully. 
2018-11-15 20:11:16,584 INFO  [Log] Implicit wait applied on the driver for 30 seconds. 
2018-11-15 20:11:31,396 INFO  [Log] Invoke AUT: https://developers.google.com/speed/pagespeed/insights/ in chrome browser successfully. 
2018-11-15 20:11:31,399 INFO  [Log] Implicit wait applied on the driver for 30 seconds. 
2018-11-15 20:12:01,800 FATAL [Log] Unable to find the given element //div[@class='button button-red analyze jfk-button main-submit jfk-button-standard'] :org.openqa.selenium.TimeoutException: Expected condition failed: waiting for visibility of element located by By.xpath: //div[@class='button button-red analyze jfk-button main-submit jfk-button-standard'] (tried for 10 second(s) with 500 MILLISECONDS interval) 
2018-11-15 20:12:07,057 INFO  [Log] Invoke AUT: https://developers.google.com/speed/pagespeed/insights/ in chrome browser successfully. 
2018-11-15 20:12:07,061 INFO  [Log] Implicit wait applied on the driver for 30 seconds. 
2018-11-15 20:12:37,414 FATAL [Log] Unable to find the given element //div[@class='button button-red analyze jfk-button main-submit jfk-button-standard'] :org.openqa.selenium.TimeoutException: Expected condition failed: waiting for visibility of element located by By.xpath: //div[@class='button button-red analyze jfk-button main-submit jfk-button-standard'] (tried for 10 second(s) with 500 MILLISECONDS interval) 
2018-11-15 20:12:49,851 INFO  [Log] Invoke AUT: https://developers.google.com/speed/pagespeed/insights/ in chrome browser successfully. 
2018-11-15 20:12:49,857 INFO  [Log] Implicit wait applied on the driver for 30 seconds. 
2018-11-15 20:13:06,975 INFO  [Log] Invoke AUT: https://developers.google.com/speed/pagespeed/insights/ in chrome browser successfully. 
2018-11-15 20:13:06,979 INFO  [Log] Implicit wait applied on the driver for 30 seconds. 
2018-11-15 20:13:56,122 FATAL [Log] Unable to find the given element Logout :org.openqa.selenium.TimeoutException: Expected condition failed: waiting for visibility of element located by By.linkText: Logout (tried for 30 second(s) with 500 MILLISECONDS interval) 
2018-11-15 20:18:49,934 INFO  [Log] Invoke AUT: https://developers.google.com/speed/pagespeed/insights/ in chrome browser successfully. 
2018-11-15 20:18:49,945 INFO  [Log] Implicit wait applied on the driver for 30 seconds. 
2018-11-15 20:19:10,140 INFO  [Log] Invoke AUT: https://developers.google.com/speed/pagespeed/insights/ in chrome browser successfully. 
2018-11-15 20:19:10,147 INFO  [Log] Implicit wait applied on the driver for 30 seconds. 
2018-11-15 20:19:24,287 INFO  [Log] Invoke AUT: https://developers.google.com/speed/pagespeed/insights/ in chrome browser successfully. 
2018-11-15 20:19:24,294 INFO  [Log] Implicit wait applied on the driver for 30 seconds. 
2018-11-15 20:19:40,559 INFO  [Log] Invoke AUT: https://developers.google.com/speed/pagespeed/insights/ in chrome browser successfully. 
2018-11-15 20:19:40,569 INFO  [Log] Implicit wait applied on the driver for 30 seconds. 
2018-11-15 20:20:07,776 INFO  [Log] Invoke AUT: https://developers.google.com/speed/pagespeed/insights/ in chrome browser successfully. 
2018-11-15 20:20:07,784 INFO  [Log] Implicit wait applied on the driver for 30 seconds. 
2018-11-15 20:20:38,147 FATAL [Log] Unable to find the given element //div[@class='button button-red analyze jfk-button main-submit jfk-button-standard'] :org.openqa.selenium.TimeoutException: Expected condition failed: waiting for visibility of element located by By.xpath: //div[@class='button button-red analyze jfk-button main-submit jfk-button-standard'] (tried for 10 second(s) with 500 MILLISECONDS interval) 
2018-11-15 20:20:46,910 INFO  [Log] Invoke AUT: https://developers.google.com/speed/pagespeed/insights/ in chrome browser successfully. 
2018-11-15 20:20:46,915 INFO  [Log] Implicit wait applied on the driver for 30 seconds. 
2018-11-15 20:21:04,617 INFO  [Log] Invoke AUT: https://developers.google.com/speed/pagespeed/insights/ in chrome browser successfully. 
2018-11-15 20:21:04,624 INFO  [Log] Implicit wait applied on the driver for 30 seconds. 
2018-11-15 20:21:53,765 FATAL [Log] Unable to find the given element Logout :org.openqa.selenium.TimeoutException: Expected condition failed: waiting for visibility of element located by By.linkText: Logout (tried for 30 second(s) with 500 MILLISECONDS interval) 
<<<<<<< HEAD
2018-11-15 21:18:09,286 INFO  [Log] Invoke AUT: https://developers.google.com/speed/pagespeed/insights/ in chrome browser successfully. 
2018-11-15 21:18:09,290 INFO  [Log] Implicit wait applied on the driver for 30 seconds. 
2018-11-15 21:18:30,225 INFO  [Log] Invoke AUT: https://developers.google.com/speed/pagespeed/insights/ in chrome browser successfully. 
2018-11-15 21:18:30,228 INFO  [Log] Implicit wait applied on the driver for 30 seconds. 
2018-11-15 21:18:44,215 INFO  [Log] Invoke AUT: https://developers.google.com/speed/pagespeed/insights/ in chrome browser successfully. 
2018-11-15 21:18:44,218 INFO  [Log] Implicit wait applied on the driver for 30 seconds. 
2018-11-15 21:19:01,044 INFO  [Log] Invoke AUT: https://developers.google.com/speed/pagespeed/insights/ in chrome browser successfully. 
2018-11-15 21:19:01,053 INFO  [Log] Implicit wait applied on the driver for 30 seconds. 
2018-11-15 21:19:31,554 FATAL [Log] Unable to find the given element //div[@class='button button-red analyze jfk-button main-submit jfk-button-standard'] :org.openqa.selenium.TimeoutException: Expected condition failed: waiting for visibility of element located by By.xpath: //div[@class='button button-red analyze jfk-button main-submit jfk-button-standard'] (tried for 10 second(s) with 500 MILLISECONDS interval) 
2018-11-15 21:19:35,220 INFO  [Log] Invoke AUT: https://developers.google.com/speed/pagespeed/insights/ in chrome browser successfully. 
2018-11-15 21:19:35,223 INFO  [Log] Implicit wait applied on the driver for 30 seconds. 
2018-11-15 21:19:50,312 INFO  [Log] Invoke AUT: https://developers.google.com/speed/pagespeed/insights/ in chrome browser successfully. 
2018-11-15 21:19:50,315 INFO  [Log] Implicit wait applied on the driver for 30 seconds. 
=======
2018-11-16 14:25:35,779 INFO  [Log] Invoke AUT: https://developers.google.com/speed/pagespeed/insights/ in chrome browser successfully. 
2018-11-16 14:25:35,784 INFO  [Log] Implicit wait applied on the driver for 30 seconds. 
2018-11-16 14:27:23,949 INFO  [Log] Invoke AUT: https://developers.google.com/speed/pagespeed/insights/ in chrome browser successfully. 
2018-11-16 14:27:23,954 INFO  [Log] Implicit wait applied on the driver for 30 seconds. 
2018-11-16 14:29:24,291 INFO  [Log] Invoke AUT: https://developers.google.com/speed/pagespeed/insights/ in chrome browser successfully. 
2018-11-16 14:29:24,296 INFO  [Log] Implicit wait applied on the driver for 30 seconds. 
2018-11-16 14:30:57,676 ERROR [Log] Unable to find the id : (//div[@class='lh-gauge__percentage'])[1] in the DOM elements. org.openqa.selenium.TimeoutException: Expected condition failed: waiting for visibility of element located by By.xpath: (//div[@class='lh-gauge__percentage'])[1] (tried for 10 second(s) with 500 MILLISECONDS interval) 
2018-11-16 14:31:55,255 INFO  [Log] Invoke AUT: https://developers.google.com/speed/pagespeed/insights/ in chrome browser successfully. 
2018-11-16 14:31:55,258 INFO  [Log] Implicit wait applied on the driver for 30 seconds. 
2018-11-16 14:33:12,219 ERROR [Log] Unable to find the id : (//div[@class='lh-gauge__percentage'])[2] in the DOM elements. org.openqa.selenium.TimeoutException: Expected condition failed: waiting for visibility of element located by By.xpath: (//div[@class='lh-gauge__percentage'])[2] (tried for 10 second(s) with 500 MILLISECONDS interval)
Build info: version: '3.6.0', revision: '6fbf3ec767', time: '2017-09-27T15:28:36.4Z'
System info: host: 'MJN_TEST_AUTOMA', ip: '10.10.4.218', os.name: 'Windows 10', os.arch: 'amd64', os.version: '10.0', java.version: '10.0.1'
Driver info: org.openqa.selenium.chrome.ChromeDriver
Capabilities [{mobileEmulationEnabled=false, hasTouchScreen=false, platform=XP, acceptSslCerts=false, acceptInsecureCerts=false, webStorageEnabled=true, browserName=chrome, takesScreenshot=true, javascriptEnabled=true, platformName=XP, setWindowRect=true, unexpectedAlertBehaviour=, applicationCacheEnabled=false, rotatable=false, networkConnectionEnabled=false, chrome={chromedriverVersion=2.40.565498 (ea082db3280dd6843ebfb08a625e3eb905c4f5ab), userDataDir=C:\Users\user\AppData\Local\Temp\scoped_dir18720_32241}, takesHeapSnapshot=true, pageLoadStrategy=normal, unhandledPromptBehavior=, databaseEnabled=false, handlesAlerts=true, version=68.0.3440.106, browserConnectionEnabled=false, nativeEvents=true, locationContextEnabled=true, cssSelectorsEnabled=true}]
Session ID: 253ecdf3aef6020e2cc88f3879173eec 
2018-11-16 14:36:48,205 INFO  [Log] Invoke AUT: https://developers.google.com/speed/pagespeed/insights/ in chrome browser successfully. 
2018-11-16 14:36:48,208 INFO  [Log] Implicit wait applied on the driver for 30 seconds. 
2018-11-16 14:49:46,819 INFO  [Log] Invoke AUT: https://developers.google.com/speed/pagespeed/insights/ in chrome browser successfully. 
2018-11-16 14:49:46,822 INFO  [Log] Implicit wait applied on the driver for 30 seconds. 
2018-11-16 14:49:47,231 INFO  [Log] The mouse over by xpath : //div[@class='analyze-cell']/div is performed. 
2018-11-16 14:52:23,558 INFO  [Log] Invoke AUT: https://developers.google.com/speed/pagespeed/insights/ in chrome browser successfully. 
2018-11-16 14:52:23,567 INFO  [Log] Implicit wait applied on the driver for 30 seconds. 
2018-11-16 14:52:23,964 INFO  [Log] The mouse over by xpath : //div[@role='button' and text()=' ANALYZE '] is performed. 
2018-11-16 14:53:52,508 INFO  [Log] Invoke AUT: https://developers.google.com/speed/pagespeed/insights/ in chrome browser successfully. 
2018-11-16 14:53:52,512 INFO  [Log] Implicit wait applied on the driver for 30 seconds. 
2018-11-16 14:53:52,892 INFO  [Log] The mouse over by xpath : //div[@role='button' and text()=' ANALYZE '] is performed. 
2018-11-16 14:54:56,145 INFO  [Log] The mouse over by xpath : //div[@class='tab-title' and text()='Desktop'] is performed. 
2018-11-16 14:55:02,831 INFO  [Log] Invoke AUT: https://developers.google.com/speed/pagespeed/insights/ in chrome browser successfully. 
2018-11-16 14:55:02,835 INFO  [Log] Implicit wait applied on the driver for 30 seconds. 
2018-11-16 14:55:03,136 INFO  [Log] The mouse over by xpath : //div[@role='button' and text()=' ANALYZE '] is performed. 
2018-11-16 14:56:06,360 INFO  [Log] The mouse over by xpath : //div[@class='tab-title' and text()='Desktop'] is performed. 
2018-11-16 14:56:12,985 INFO  [Log] Invoke AUT: https://developers.google.com/speed/pagespeed/insights/ in chrome browser successfully. 
2018-11-16 14:56:12,988 INFO  [Log] Implicit wait applied on the driver for 30 seconds. 
2018-11-16 14:56:13,262 INFO  [Log] The mouse over by xpath : //div[@role='button' and text()=' ANALYZE '] is performed. 
2018-11-16 14:57:16,476 INFO  [Log] The mouse over by xpath : //div[@class='tab-title' and text()='Desktop'] is performed. 
2018-11-16 14:57:22,923 INFO  [Log] Invoke AUT: https://developers.google.com/speed/pagespeed/insights/ in chrome browser successfully. 
2018-11-16 14:57:22,926 INFO  [Log] Implicit wait applied on the driver for 30 seconds. 
2018-11-16 14:57:23,232 INFO  [Log] The mouse over by xpath : //div[@role='button' and text()=' ANALYZE '] is performed. 
2018-11-16 14:58:26,446 INFO  [Log] The mouse over by xpath : //div[@class='tab-title' and text()='Desktop'] is performed. 
2018-11-16 14:58:32,953 INFO  [Log] Invoke AUT: https://developers.google.com/speed/pagespeed/insights/ in chrome browser successfully. 
2018-11-16 14:58:32,956 INFO  [Log] Implicit wait applied on the driver for 30 seconds. 
2018-11-16 14:58:33,277 INFO  [Log] The mouse over by xpath : //div[@role='button' and text()=' ANALYZE '] is performed. 
2018-11-16 14:59:36,500 INFO  [Log] The mouse over by xpath : //div[@class='tab-title' and text()='Desktop'] is performed. 
2018-11-16 14:59:43,889 INFO  [Log] Invoke AUT: https://developers.google.com/speed/pagespeed/insights/ in chrome browser successfully. 
2018-11-16 14:59:43,893 INFO  [Log] Implicit wait applied on the driver for 30 seconds. 
2018-11-16 14:59:44,194 INFO  [Log] The mouse over by xpath : //div[@role='button' and text()=' ANALYZE '] is performed. 
2018-11-16 15:00:47,404 INFO  [Log] The mouse over by xpath : //div[@class='tab-title' and text()='Desktop'] is performed. 
2018-11-16 15:00:54,027 INFO  [Log] Invoke AUT: https://developers.google.com/speed/pagespeed/insights/ in chrome browser successfully. 
2018-11-16 15:00:54,029 INFO  [Log] Implicit wait applied on the driver for 30 seconds. 
2018-11-16 15:00:54,275 INFO  [Log] The mouse over by xpath : //div[@role='button' and text()=' ANALYZE '] is performed. 
2018-11-16 15:01:57,467 INFO  [Log] The mouse over by xpath : //div[@class='tab-title' and text()='Desktop'] is performed. 
2018-11-16 15:02:33,680 FATAL [Log] Unable to find the given element Logout :org.openqa.selenium.TimeoutException: Expected condition failed: waiting for visibility of element located by By.linkText: Logout (tried for 30 second(s) with 500 MILLISECONDS interval) 
2018-11-16 15:12:11,128 INFO  [Log] Invoke AUT: https://developers.google.com/speed/pagespeed/insights/ in chrome browser successfully. 
2018-11-16 15:12:11,133 INFO  [Log] Implicit wait applied on the driver for 30 seconds. 
2018-11-16 15:12:11,483 INFO  [Log] The mouse over by xpath : //div[@role='button' and text()=' ANALYZE '] is performed. 
2018-11-16 15:13:11,776 INFO  [Log] The mouse over by xpath : //div[@class='tab-title' and text()='Desktop'] is performed. 
2018-11-16 15:13:13,169 INFO  [Log] Invoke AUT: https://developers.google.com/speed/pagespeed/insights/ in chrome browser successfully. 
2018-11-16 15:13:13,173 INFO  [Log] Implicit wait applied on the driver for 30 seconds. 
2018-11-16 15:13:13,486 INFO  [Log] The mouse over by xpath : //div[@role='button' and text()=' ANALYZE '] is performed. 
2018-11-16 15:14:13,720 INFO  [Log] The mouse over by xpath : //div[@class='tab-title' and text()='Desktop'] is performed. 
2018-11-16 15:14:14,999 INFO  [Log] Invoke AUT: https://developers.google.com/speed/pagespeed/insights/ in chrome browser successfully. 
2018-11-16 15:14:15,003 INFO  [Log] Implicit wait applied on the driver for 30 seconds. 
2018-11-16 15:14:15,295 INFO  [Log] The mouse over by xpath : //div[@role='button' and text()=' ANALYZE '] is performed. 
2018-11-16 15:15:15,579 INFO  [Log] The mouse over by xpath : //div[@class='tab-title' and text()='Desktop'] is performed. 
2018-11-16 15:15:16,839 INFO  [Log] Invoke AUT: https://developers.google.com/speed/pagespeed/insights/ in chrome browser successfully. 
2018-11-16 15:15:16,844 INFO  [Log] Implicit wait applied on the driver for 30 seconds. 
2018-11-16 15:15:17,157 INFO  [Log] The mouse over by xpath : //div[@role='button' and text()=' ANALYZE '] is performed. 
2018-11-16 15:16:17,382 INFO  [Log] The mouse over by xpath : //div[@class='tab-title' and text()='Desktop'] is performed. 
2018-11-16 15:16:18,624 INFO  [Log] Invoke AUT: https://developers.google.com/speed/pagespeed/insights/ in chrome browser successfully. 
2018-11-16 15:16:18,628 INFO  [Log] Implicit wait applied on the driver for 30 seconds. 
2018-11-16 15:16:18,942 INFO  [Log] The mouse over by xpath : //div[@role='button' and text()=' ANALYZE '] is performed. 
2018-11-16 15:17:19,161 INFO  [Log] The mouse over by xpath : //div[@class='tab-title' and text()='Desktop'] is performed. 
2018-11-16 15:17:20,546 INFO  [Log] Invoke AUT: https://developers.google.com/speed/pagespeed/insights/ in chrome browser successfully. 
2018-11-16 15:17:20,550 INFO  [Log] Implicit wait applied on the driver for 30 seconds. 
2018-11-16 15:17:20,810 INFO  [Log] The mouse over by xpath : //div[@role='button' and text()=' ANALYZE '] is performed. 
2018-11-16 15:18:21,025 INFO  [Log] The mouse over by xpath : //div[@class='tab-title' and text()='Desktop'] is performed. 
2018-11-16 15:18:22,239 INFO  [Log] Invoke AUT: https://developers.google.com/speed/pagespeed/insights/ in chrome browser successfully. 
2018-11-16 15:18:22,243 INFO  [Log] Implicit wait applied on the driver for 30 seconds. 
2018-11-16 15:18:22,518 INFO  [Log] The mouse over by xpath : //div[@role='button' and text()=' ANALYZE '] is performed. 
2018-11-16 15:19:22,746 INFO  [Log] The mouse over by xpath : //div[@class='tab-title' and text()='Desktop'] is performed. 
2018-11-16 15:19:53,763 FATAL [Log] Unable to find the given element Logout :org.openqa.selenium.TimeoutException: Expected condition failed: waiting for visibility of element located by By.linkText: Logout (tried for 30 second(s) with 500 MILLISECONDS interval) 
>>>>>>> 664a8074f85a3454f56e48ccf2d6d5bc7d2c434c
>>>>>>> 77848f887d5afd7a6c7efcba3d20a478617980e1
2018-11-16 18:11:58,754 INFO  [Log] Invoke AUT: https://www.webpagetest.org/ in chrome browser successfully. 
2018-11-16 18:11:58,757 INFO  [Log] Implicit wait applied on the driver for 30 seconds. 
2018-11-16 18:12:36,162 INFO  [Log] Invoke AUT: https://www.webpagetest.org/ in chrome browser successfully. 
2018-11-16 18:12:36,166 INFO  [Log] Implicit wait applied on the driver for 30 seconds. 
2018-11-16 18:12:36,630 INFO  [Log] The element with id: browser is selected with visible text: Chrome 
2018-11-16 18:12:36,804 INFO  [Log] The element with id: connection is selected with visible text: Cable (5/1 Mbps 28ms RTT) 
2018-11-16 18:12:42,347 INFO  [Log] Invoke AUT: https://www.webpagetest.org/ in chrome browser successfully. 
2018-11-16 18:12:42,350 INFO  [Log] Implicit wait applied on the driver for 30 seconds. 
2018-11-16 18:12:42,724 INFO  [Log] The element with id: browser is selected with visible text: Chrome 
2018-11-16 18:12:42,808 INFO  [Log] The element with id: connection is selected with visible text: Cable (5/1 Mbps 28ms RTT) 
2018-11-16 18:12:48,202 INFO  [Log] Invoke AUT: https://www.webpagetest.org/ in chrome browser successfully. 
2018-11-16 18:12:48,205 INFO  [Log] Implicit wait applied on the driver for 30 seconds. 
2018-11-16 18:12:48,603 INFO  [Log] The element with id: browser is selected with visible text: Chrome 
2018-11-16 18:12:48,678 INFO  [Log] The element with id: connection is selected with visible text: Cable (5/1 Mbps 28ms RTT) 
2018-11-16 18:12:53,786 INFO  [Log] Invoke AUT: https://www.webpagetest.org/ in chrome browser successfully. 
2018-11-16 18:12:53,790 INFO  [Log] Implicit wait applied on the driver for 30 seconds. 
2018-11-16 18:12:54,187 INFO  [Log] The element with id: browser is selected with visible text: Chrome 
2018-11-16 18:12:54,256 INFO  [Log] The element with id: connection is selected with visible text: Cable (5/1 Mbps 28ms RTT) 
2018-11-16 18:13:01,627 INFO  [Log] Invoke AUT: https://www.webpagetest.org/ in chrome browser successfully. 
2018-11-16 18:13:01,631 INFO  [Log] Implicit wait applied on the driver for 30 seconds. 
2018-11-16 18:13:02,225 INFO  [Log] The element with id: browser is selected with visible text: Chrome 
2018-11-16 18:13:02,300 INFO  [Log] The element with id: connection is selected with visible text: Cable (5/1 Mbps 28ms RTT) 
2018-11-16 18:13:07,427 INFO  [Log] Invoke AUT: https://www.webpagetest.org/ in chrome browser successfully. 
2018-11-16 18:13:07,429 INFO  [Log] Implicit wait applied on the driver for 30 seconds. 
2018-11-16 18:13:07,857 INFO  [Log] The element with id: browser is selected with visible text: Chrome 
2018-11-16 18:13:07,929 INFO  [Log] The element with id: connection is selected with visible text: Cable (5/1 Mbps 28ms RTT) 
2018-11-16 18:13:16,079 INFO  [Log] Invoke AUT: https://www.webpagetest.org/ in chrome browser successfully. 
2018-11-16 18:13:16,108 INFO  [Log] Implicit wait applied on the driver for 30 seconds. 
2018-11-16 18:13:16,591 INFO  [Log] The element with id: browser is selected with visible text: Chrome 
2018-11-16 18:13:16,666 INFO  [Log] The element with id: connection is selected with visible text: Cable (5/1 Mbps 28ms RTT) 
2018-11-16 18:13:21,759 INFO  [Log] Invoke AUT: https://www.webpagetest.org/ in chrome browser successfully. 
2018-11-16 18:13:21,763 INFO  [Log] Implicit wait applied on the driver for 30 seconds. 
2018-11-16 18:13:22,073 INFO  [Log] The element with id: browser is selected with visible text: Chrome 
2018-11-16 18:13:22,142 INFO  [Log] The element with id: connection is selected with visible text: Cable (5/1 Mbps 28ms RTT) 
2018-11-16 18:13:27,105 INFO  [Log] Invoke AUT: https://www.webpagetest.org/ in chrome browser successfully. 
2018-11-16 18:13:27,108 INFO  [Log] Implicit wait applied on the driver for 30 seconds. 
2018-11-16 18:13:27,533 INFO  [Log] The element with id: browser is selected with visible text: Chrome 
2018-11-16 18:13:27,603 INFO  [Log] The element with id: connection is selected with visible text: Cable (5/1 Mbps 28ms RTT) 
2018-11-16 18:13:33,272 INFO  [Log] Invoke AUT: https://www.webpagetest.org/ in chrome browser successfully. 
2018-11-16 18:13:33,276 INFO  [Log] Implicit wait applied on the driver for 30 seconds. 
2018-11-16 18:13:33,628 INFO  [Log] The element with id: browser is selected with visible text: Chrome 
2018-11-16 18:13:33,698 INFO  [Log] The element with id: connection is selected with visible text: Cable (5/1 Mbps 28ms RTT) 
2018-11-16 18:13:53,060 INFO  [Log] Invoke AUT: https://www.webpagetest.org/result/181116_J6_7eb0e60b5b9e595ae424c4be8c73c681/ in chrome browser successfully. 
2018-11-16 18:13:53,063 INFO  [Log] Implicit wait applied on the driver for 30 seconds. 
2018-11-16 18:13:57,874 INFO  [Log] Invoke AUT: https://www.webpagetest.org/result/181116_KQ_fb2eb994b32f2426a579778ff05430eb/ in chrome browser successfully. 
2018-11-16 18:13:57,877 INFO  [Log] Implicit wait applied on the driver for 30 seconds. 
2018-11-16 18:14:02,575 INFO  [Log] Invoke AUT: https://www.webpagetest.org/result/181116_GT_9076495cf80e84f46f6eb2a849975b98/ in chrome browser successfully. 
2018-11-16 18:14:02,579 INFO  [Log] Implicit wait applied on the driver for 30 seconds. 
2018-11-16 18:14:07,344 INFO  [Log] Invoke AUT: https://www.webpagetest.org/result/181116_Z7_c75d0c2734aaf138373818229eb1dbc1/ in chrome browser successfully. 
2018-11-16 18:14:07,347 INFO  [Log] Implicit wait applied on the driver for 30 seconds. 
2018-11-16 18:14:12,138 INFO  [Log] Invoke AUT: https://www.webpagetest.org/result/181116_NG_25ea0ec98b3b14f615eea9de7d090dff/ in chrome browser successfully. 
2018-11-16 18:14:12,140 INFO  [Log] Implicit wait applied on the driver for 30 seconds. 
2018-11-16 18:14:16,896 INFO  [Log] Invoke AUT: https://www.webpagetest.org/result/181116_H3_7ffbabd61f0f855b24d2db0e3e09f8c0/ in chrome browser successfully. 
2018-11-16 18:14:16,899 INFO  [Log] Implicit wait applied on the driver for 30 seconds. 
2018-11-16 18:14:21,656 INFO  [Log] Invoke AUT: https://www.webpagetest.org/result/181116_XE_4ac70319019c5b3563b02341e1d21ddd/ in chrome browser successfully. 
2018-11-16 18:14:21,659 INFO  [Log] Implicit wait applied on the driver for 30 seconds. 
2018-11-16 18:14:26,350 INFO  [Log] Invoke AUT: https://www.webpagetest.org/result/181116_PZ_92e12187eb1f40ad01896858b9e67288/ in chrome browser successfully. 
2018-11-16 18:14:26,356 INFO  [Log] Implicit wait applied on the driver for 30 seconds. 
2018-11-16 18:14:31,152 INFO  [Log] Invoke AUT: https://www.webpagetest.org/result/181116_M7_ac4f281041623dbfa8d9faedfc108b34/ in chrome browser successfully. 
2018-11-16 18:14:31,155 INFO  [Log] Implicit wait applied on the driver for 30 seconds. 
2018-11-16 18:14:35,780 INFO  [Log] Invoke AUT: https://www.webpagetest.org/result/181116_7K_9bd1f33fdedff86732bd821476be7f0d/ in chrome browser successfully. 
2018-11-16 18:14:35,782 INFO  [Log] Implicit wait applied on the driver for 30 seconds. 
2018-12-05 20:33:05,592 INFO  [Log] Invoke AUT: https://www.webpagetest.org/ in chrome browser successfully. 
2018-12-05 20:33:05,597 INFO  [Log] Implicit wait applied on the driver for 30 seconds. 
2018-12-05 20:33:18,923 INFO  [Log] The element with id: browser is selected with visible text: Galaxy S7 - Chrome 
2018-12-05 20:33:19,092 INFO  [Log] The element with id: connection is selected with visible text: LTE (12 Mbps/12 Mbps 70ms RTT) 
2018-12-05 20:48:14,142 INFO  [Log] Invoke AUT: https://www.webpagetest.org/ in chrome browser successfully. 
2018-12-05 20:48:14,148 INFO  [Log] Implicit wait applied on the driver for 30 seconds. 
2018-12-05 20:48:27,564 INFO  [Log] The element with id: browser is selected with visible text: Galaxy S7 - Chrome 
2018-12-05 20:48:27,736 INFO  [Log] The element with id: connection is selected with visible text: LTE (12 Mbps/12 Mbps 70ms RTT) 
2018-12-05 21:13:02,685 INFO  [Log] Invoke AUT: https://www.webpagetest.org/ in chrome browser successfully. 
2018-12-05 21:13:02,689 INFO  [Log] Implicit wait applied on the driver for 30 seconds. 
2018-12-05 21:13:14,153 INFO  [Log] The element with id: browser is selected with visible text: Chrome 
2018-12-05 21:13:14,294 INFO  [Log] The element with id: connection is selected with visible text: Cable (5/1 Mbps 28ms RTT) 
2018-12-05 21:18:03,627 INFO  [Log] Invoke AUT: https://www.webpagetest.org/ in chrome browser successfully. 
2018-12-05 21:18:03,631 INFO  [Log] Implicit wait applied on the driver for 30 seconds. 
2018-12-05 21:18:17,469 INFO  [Log] The element with id: browser is selected with visible text: Chrome 
2018-12-05 21:18:17,644 INFO  [Log] The element with id: connection is selected with visible text: Cable (5/1 Mbps 28ms RTT) 
2018-12-05 21:34:25,554 INFO  [Log] Invoke AUT: https://www.webpagetest.org/ in chrome browser successfully. 
2018-12-05 21:34:25,557 INFO  [Log] Implicit wait applied on the driver for 30 seconds. 
2018-12-05 21:34:37,967 INFO  [Log] The element with id: browser is selected with visible text: Chrome 
2018-12-05 21:34:38,129 INFO  [Log] The element with id: connection is selected with visible text: Cable (5/1 Mbps 28ms RTT) 
2018-12-05 21:36:51,785 INFO  [Log] Invoke AUT: https://www.webpagetest.org/ in chrome browser successfully. 
2018-12-05 21:36:51,788 INFO  [Log] Implicit wait applied on the driver for 30 seconds. 
2018-12-05 21:37:03,897 INFO  [Log] The element with id: browser is selected with visible text: Chrome 
2018-12-05 21:37:04,059 INFO  [Log] The element with id: connection is selected with visible text: Cable (5/1 Mbps 28ms RTT) 
2018-12-05 21:39:19,244 INFO  [Log] Invoke AUT: https://www.webpagetest.org/ in chrome browser successfully. 
2018-12-05 21:39:19,247 INFO  [Log] Implicit wait applied on the driver for 30 seconds. 
2018-12-05 21:39:32,112 INFO  [Log] The element with id: browser is selected with visible text: Chrome 
2018-12-05 21:39:32,258 INFO  [Log] The element with id: connection is selected with visible text: Cable (5/1 Mbps 28ms RTT) 
2018-12-05 21:41:48,457 INFO  [Log] Invoke AUT: https://www.webpagetest.org/ in chrome browser successfully. 
2018-12-05 21:41:48,460 INFO  [Log] Implicit wait applied on the driver for 30 seconds. 
2018-12-05 21:42:02,556 INFO  [Log] The element with id: browser is selected with visible text: Chrome 
2018-12-05 21:42:02,686 INFO  [Log] The element with id: connection is selected with visible text: Cable (5/1 Mbps 28ms RTT) 
2018-12-05 21:44:17,706 INFO  [Log] Invoke AUT: https://www.webpagetest.org/ in chrome browser successfully. 
2018-12-05 21:44:17,710 INFO  [Log] Implicit wait applied on the driver for 30 seconds. 
2018-12-05 21:44:29,939 INFO  [Log] The element with id: browser is selected with visible text: Chrome 
2018-12-05 21:44:30,076 INFO  [Log] The element with id: connection is selected with visible text: Cable (5/1 Mbps 28ms RTT) 
2018-12-05 21:46:44,574 INFO  [Log] Invoke AUT: https://www.webpagetest.org/ in chrome browser successfully. 
2018-12-05 21:46:44,580 INFO  [Log] Implicit wait applied on the driver for 30 seconds. 
2018-12-05 21:46:57,592 INFO  [Log] The element with id: browser is selected with visible text: Chrome 
2018-12-05 21:46:57,717 INFO  [Log] The element with id: connection is selected with visible text: Cable (5/1 Mbps 28ms RTT) 
2018-12-05 21:49:14,697 INFO  [Log] Invoke AUT: https://www.webpagetest.org/ in chrome browser successfully. 
2018-12-05 21:49:14,700 INFO  [Log] Implicit wait applied on the driver for 30 seconds. 
2018-12-05 21:49:27,001 INFO  [Log] The element with id: browser is selected with visible text: Chrome 
2018-12-05 21:49:27,135 INFO  [Log] The element with id: connection is selected with visible text: Cable (5/1 Mbps 28ms RTT) 
2018-12-05 21:51:41,878 INFO  [Log] Invoke AUT: https://www.webpagetest.org/ in chrome browser successfully. 
2018-12-05 21:51:41,879 INFO  [Log] Implicit wait applied on the driver for 30 seconds. 
2018-12-05 21:51:54,409 INFO  [Log] The element with id: browser is selected with visible text: Chrome 
2018-12-05 21:51:54,547 INFO  [Log] The element with id: connection is selected with visible text: Cable (5/1 Mbps 28ms RTT) 
2018-12-05 21:54:09,357 INFO  [Log] Invoke AUT: https://www.webpagetest.org/ in chrome browser successfully. 
2018-12-05 21:54:09,359 INFO  [Log] Implicit wait applied on the driver for 30 seconds. 
2018-12-05 21:54:22,274 INFO  [Log] The element with id: browser is selected with visible text: Chrome 
2018-12-05 21:54:22,422 INFO  [Log] The element with id: connection is selected with visible text: Cable (5/1 Mbps 28ms RTT) 
2018-12-05 21:56:38,934 INFO  [Log] Invoke AUT: https://www.webpagetest.org/ in chrome browser successfully. 
2018-12-05 21:56:38,937 INFO  [Log] Implicit wait applied on the driver for 30 seconds. 
2018-12-05 21:56:51,878 INFO  [Log] The element with id: browser is selected with visible text: Chrome 
2018-12-05 21:56:52,032 INFO  [Log] The element with id: connection is selected with visible text: Cable (5/1 Mbps 28ms RTT) 
